27/04/2016 21:35:04 (Std) 	+-+-+-+-+-+-+-+-+-+-+-+-+-+-+-+-+-+-+-+-+-+-+-+-+-+-+-+-+-+-+-+-+-+-+-+-+-+-+-+
27/04/2016 21:35:04 (Std) 	+                     Crazy Eddie's GUI System - Event log                    +
27/04/2016 21:35:04 (Std) 	+                          (http://www.cegui.org.uk/)                         +
27/04/2016 21:35:04 (Std) 	+-+-+-+-+-+-+-+-+-+-+-+-+-+-+-+-+-+-+-+-+-+-+-+-+-+-+-+-+-+-+-+-+-+-+-+-+-+-+-+

27/04/2016 21:35:04 (Std) 	CEGUI::Logger singleton created. (0x3cb0870)
27/04/2016 21:35:04 (Std) 	
27/04/2016 21:35:04 (Std) 	********************************************************************************
27/04/2016 21:35:04 (Std) 	* Important:                                                                   *
27/04/2016 21:35:04 (Std) 	*     To get support at the CEGUI forums, you must post _at least_ the section *
27/04/2016 21:35:04 (Std) 	*     of this log file indicated below.  Failure to do this will result in no  *
27/04/2016 21:35:04 (Std) 	*     support being given; please do not waste our time.                       *
27/04/2016 21:35:04 (Std) 	********************************************************************************
27/04/2016 21:35:04 (Std) 	********************************************************************************
27/04/2016 21:35:04 (Std) 	* -------- START OF ESSENTIAL SECTION TO BE POSTED ON THE FORUM       -------- *
27/04/2016 21:35:04 (Std) 	********************************************************************************
27/04/2016 21:35:04 (Std) 	---- Version: 0.8.4 (Build: Jan  7 2016 GNU/Linux g++ 4.8.4 64 bit) ----
27/04/2016 21:35:04 (Std) 	---- Renderer module is: CEGUI::OgreRenderer - Official OGRE based 2nd generation renderer module. ----
27/04/2016 21:35:04 (Std) 	---- XML Parser module is: CEGUI::ExpatParser - Official expat based parser module for CEGUI ----
27/04/2016 21:35:04 (Std) 	---- Image Codec module is: OgreImageCodec - Integrated ImageCodec using the Ogre engine. ----
27/04/2016 21:35:04 (Std) 	---- Scripting module is: None ----
27/04/2016 21:35:04 (Std) 	********************************************************************************
27/04/2016 21:35:04 (Std) 	* -------- END OF ESSENTIAL SECTION TO BE POSTED ON THE FORUM         -------- *
27/04/2016 21:35:04 (Std) 	********************************************************************************
27/04/2016 21:35:04 (Std) 	
27/04/2016 21:35:04 (Std) 	---- Begining CEGUI System initialisation ----
27/04/2016 21:35:04 (Std) 	[CEGUI::ImageManager] Singleton created (0x3cb13d0)
27/04/2016 21:35:04 (Std) 	[CEGUI::ImageManager] Registered Image type: BasicImage
27/04/2016 21:35:04 (Std) 	CEGUI::FontManager singleton created. (0x3cb16b0)
27/04/2016 21:35:04 (Std) 	CEGUI::WindowFactoryManager singleton created
27/04/2016 21:35:04 (Std) 	CEGUI::WindowManager singleton created (0x3cb2600)
27/04/2016 21:35:04 (Std) 	CEGUI::SchemeManager singleton created. (0x3cb2690)
27/04/2016 21:35:04 (Std) 	CEGUI::GlobalEventSet singleton created. (0x3cb1fc0)
27/04/2016 21:35:04 (Std) 	CEGUI::AnimationManager singleton created (0x3cb27c0)
27/04/2016 21:35:04 (Std) 	CEGUI::WidgetLookManager singleton created. (0x3cb14b0)
27/04/2016 21:35:04 (Std) 	CEGUI::WindowRendererManager singleton created (0x3cb1250)
27/04/2016 21:35:04 (Std) 	CEGUI::RenderEffectManager singleton created (0x3cb0c10)
27/04/2016 21:35:04 (Std) 	Created WindowFactory for 'DefaultWindow' windows.
27/04/2016 21:35:04 (Std) 	WindowFactory for 'DefaultWindow' windows added. (0x3cb7be0)
27/04/2016 21:35:04 (Std) 	Created WindowFactory for 'DragContainer' windows.
27/04/2016 21:35:04 (Std) 	WindowFactory for 'DragContainer' windows added. (0x3cb7d80)
27/04/2016 21:35:04 (Std) 	Created WindowFactory for 'ScrolledContainer' windows.
27/04/2016 21:35:04 (Std) 	WindowFactory for 'ScrolledContainer' windows added. (0x3cb7f20)
27/04/2016 21:35:04 (Std) 	Created WindowFactory for 'ClippedContainer' windows.
27/04/2016 21:35:04 (Std) 	WindowFactory for 'ClippedContainer' windows added. (0x3cb80c0)
27/04/2016 21:35:04 (Std) 	Created WindowFactory for 'CEGUI/PushButton' windows.
27/04/2016 21:35:04 (Std) 	WindowFactory for 'CEGUI/PushButton' windows added. (0x3cb8260)
27/04/2016 21:35:04 (Std) 	Created WindowFactory for 'CEGUI/RadioButton' windows.
27/04/2016 21:35:04 (Std) 	WindowFactory for 'CEGUI/RadioButton' windows added. (0x3cb8450)
27/04/2016 21:35:04 (Std) 	Created WindowFactory for 'CEGUI/Combobox' windows.
27/04/2016 21:35:04 (Std) 	WindowFactory for 'CEGUI/Combobox' windows added. (0x3cb85f0)
27/04/2016 21:35:04 (Std) 	Created WindowFactory for 'CEGUI/ComboDropList' windows.
27/04/2016 21:35:04 (Std) 	WindowFactory for 'CEGUI/ComboDropList' windows added. (0x3cb8790)
27/04/2016 21:35:04 (Std) 	Created WindowFactory for 'CEGUI/Editbox' windows.
27/04/2016 21:35:04 (Std) 	WindowFactory for 'CEGUI/Editbox' windows added. (0x3cb8930)
27/04/2016 21:35:04 (Std) 	Created WindowFactory for 'CEGUI/FrameWindow' windows.
27/04/2016 21:35:04 (Std) 	WindowFactory for 'CEGUI/FrameWindow' windows added. (0x3cb8ad0)
27/04/2016 21:35:04 (Std) 	Created WindowFactory for 'CEGUI/ItemEntry' windows.
27/04/2016 21:35:04 (Std) 	WindowFactory for 'CEGUI/ItemEntry' windows added. (0x3cb8b90)
27/04/2016 21:35:04 (Std) 	Created WindowFactory for 'CEGUI/Listbox' windows.
27/04/2016 21:35:04 (Std) 	WindowFactory for 'CEGUI/Listbox' windows added. (0x3cb8e50)
27/04/2016 21:35:04 (Std) 	Created WindowFactory for 'CEGUI/ListHeader' windows.
27/04/2016 21:35:04 (Std) 	WindowFactory for 'CEGUI/ListHeader' windows added. (0x3cb8ff0)
27/04/2016 21:35:04 (Std) 	Created WindowFactory for 'CEGUI/ListHeaderSegment' windows.
27/04/2016 21:35:04 (Std) 	WindowFactory for 'CEGUI/ListHeaderSegment' windows added. (0x3cb9190)
27/04/2016 21:35:04 (Std) 	Created WindowFactory for 'CEGUI/Menubar' windows.
27/04/2016 21:35:04 (Std) 	WindowFactory for 'CEGUI/Menubar' windows added. (0x3cb9330)
27/04/2016 21:35:04 (Std) 	Created WindowFactory for 'CEGUI/PopupMenu' windows.
27/04/2016 21:35:04 (Std) 	WindowFactory for 'CEGUI/PopupMenu' windows added. (0x3cb94d0)
27/04/2016 21:35:04 (Std) 	Created WindowFactory for 'CEGUI/MenuItem' windows.
27/04/2016 21:35:04 (Std) 	WindowFactory for 'CEGUI/MenuItem' windows added. (0x3cb9670)
27/04/2016 21:35:04 (Std) 	Created WindowFactory for 'CEGUI/MultiColumnList' windows.
27/04/2016 21:35:04 (Std) 	WindowFactory for 'CEGUI/MultiColumnList' windows added. (0x3cb9920)
27/04/2016 21:35:04 (Std) 	Created WindowFactory for 'CEGUI/MultiLineEditbox' windows.
27/04/2016 21:35:04 (Std) 	WindowFactory for 'CEGUI/MultiLineEditbox' windows added. (0x3cb9ac0)
27/04/2016 21:35:04 (Std) 	Created WindowFactory for 'CEGUI/ProgressBar' windows.
27/04/2016 21:35:04 (Std) 	WindowFactory for 'CEGUI/ProgressBar' windows added. (0x3cb9c60)
27/04/2016 21:35:04 (Std) 	Created WindowFactory for 'CEGUI/ScrollablePane' windows.
27/04/2016 21:35:04 (Std) 	WindowFactory for 'CEGUI/ScrollablePane' windows added. (0x3cb9e00)
27/04/2016 21:35:04 (Std) 	Created WindowFactory for 'CEGUI/Scrollbar' windows.
27/04/2016 21:35:04 (Std) 	WindowFactory for 'CEGUI/Scrollbar' windows added. (0x3cb9fa0)
27/04/2016 21:35:04 (Std) 	Created WindowFactory for 'CEGUI/Slider' windows.
27/04/2016 21:35:04 (Std) 	WindowFactory for 'CEGUI/Slider' windows added. (0x3cba140)
27/04/2016 21:35:04 (Std) 	Created WindowFactory for 'CEGUI/Spinner' windows.
27/04/2016 21:35:04 (Std) 	WindowFactory for 'CEGUI/Spinner' windows added. (0x3cba2e0)
27/04/2016 21:35:04 (Std) 	Created WindowFactory for 'CEGUI/TabButton' windows.
27/04/2016 21:35:04 (Std) 	WindowFactory for 'CEGUI/TabButton' windows added. (0x3cba480)
27/04/2016 21:35:04 (Std) 	Created WindowFactory for 'CEGUI/TabControl' windows.
27/04/2016 21:35:04 (Std) 	WindowFactory for 'CEGUI/TabControl' windows added. (0x3cba620)
27/04/2016 21:35:04 (Std) 	Created WindowFactory for 'CEGUI/Thumb' windows.
27/04/2016 21:35:04 (Std) 	WindowFactory for 'CEGUI/Thumb' windows added. (0x3cba7c0)
27/04/2016 21:35:04 (Std) 	Created WindowFactory for 'CEGUI/Titlebar' windows.
27/04/2016 21:35:04 (Std) 	WindowFactory for 'CEGUI/Titlebar' windows added. (0x3cba960)
27/04/2016 21:35:04 (Std) 	Created WindowFactory for 'CEGUI/ToggleButton' windows.
27/04/2016 21:35:04 (Std) 	WindowFactory for 'CEGUI/ToggleButton' windows added. (0x3cbab00)
27/04/2016 21:35:04 (Std) 	Created WindowFactory for 'CEGUI/Tooltip' windows.
27/04/2016 21:35:04 (Std) 	WindowFactory for 'CEGUI/Tooltip' windows added. (0x3cbaca0)
27/04/2016 21:35:04 (Std) 	Created WindowFactory for 'CEGUI/ItemListbox' windows.
27/04/2016 21:35:04 (Std) 	WindowFactory for 'CEGUI/ItemListbox' windows added. (0x3cbae40)
27/04/2016 21:35:04 (Std) 	Created WindowFactory for 'CEGUI/GroupBox' windows.
27/04/2016 21:35:04 (Std) 	WindowFactory for 'CEGUI/GroupBox' windows added. (0x3cbafe0)
27/04/2016 21:35:04 (Std) 	Created WindowFactory for 'CEGUI/Tree' windows.
27/04/2016 21:35:04 (Std) 	WindowFactory for 'CEGUI/Tree' windows added. (0x3cbb180)
27/04/2016 21:35:04 (Std) 	Created WindowFactory for 'LayoutCell' windows.
27/04/2016 21:35:04 (Std) 	WindowFactory for 'LayoutCell' windows added. (0x3cb9810)
27/04/2016 21:35:04 (Std) 	Created WindowFactory for 'HorizontalLayoutContainer' windows.
27/04/2016 21:35:04 (Std) 	WindowFactory for 'HorizontalLayoutContainer' windows added. (0x3cbb610)
27/04/2016 21:35:04 (Std) 	Created WindowFactory for 'VerticalLayoutContainer' windows.
27/04/2016 21:35:04 (Std) 	WindowFactory for 'VerticalLayoutContainer' windows added. (0x3cbb7b0)
27/04/2016 21:35:04 (Std) 	Created WindowFactory for 'GridLayoutContainer' windows.
27/04/2016 21:35:04 (Std) 	WindowFactory for 'GridLayoutContainer' windows added. (0x3cbb950)
27/04/2016 21:35:04 (Std) 	CEGUI::System singleton created. (0x3cb06f0)
27/04/2016 21:35:04 (Std) 	---- CEGUI System initialisation completed ----
27/04/2016 21:35:04 (Std) 	
27/04/2016 21:35:04 (Std) 	Started creation of Scheme from XML specification:
27/04/2016 21:35:04 (Std) 	---- CEGUI GUIScheme name: OgreTray
27/04/2016 21:35:04 (Std) 	[ImageManager] Started creation of Imageset from XML specification:
27/04/2016 21:35:04 (Std) 	[ImageManager] ---- CEGUI Imageset name: OgreTrayImages
27/04/2016 21:35:04 (Std) 	[ImageManager] ---- Source texture file: OgreTrayImages.png
27/04/2016 21:35:04 (Std) 	[ImageManager] ---- Source texture resource group: (Default)
27/04/2016 21:35:04 (Std) 	[OgreRenderer] Created texture: OgreTrayImages
27/04/2016 21:35:04 (Std) 	[ImageManager] Created image: 'OgreTrayImages/Pulse' (0x3cc23d0) of type: BasicImage
27/04/2016 21:35:04 (Std) 	[ImageManager] Created image: 'OgreTrayImages/Shade' (0x3cc27e0) of type: BasicImage
27/04/2016 21:35:04 (Std) 	[ImageManager] Created image: 'OgreTrayImages/TrayB' (0x3cc29f0) of type: BasicImage
27/04/2016 21:35:04 (Std) 	[ImageManager] Created image: 'OgreTrayImages/TrayL' (0x3cc2c00) of type: BasicImage
27/04/2016 21:35:04 (Std) 	[ImageManager] Created image: 'OgreTrayImages/TrayM' (0x3cc2e10) of type: BasicImage
27/04/2016 21:35:04 (Std) 	[ImageManager] Created image: 'OgreTrayImages/TrayR' (0x3cc3020) of type: BasicImage
27/04/2016 21:35:04 (Std) 	[ImageManager] Created image: 'OgreTrayImages/TrayT' (0x3cc1c00) of type: BasicImage
27/04/2016 21:35:04 (Std) 	[ImageManager] Created image: 'OgreTrayImages/FrameB' (0x3cc3550) of type: BasicImage
27/04/2016 21:35:04 (Std) 	[ImageManager] Created image: 'OgreTrayImages/FrameL' (0x3cc2130) of type: BasicImage
27/04/2016 21:35:04 (Std) 	[ImageManager] Created image: 'OgreTrayImages/FrameM' (0x3cc38f0) of type: BasicImage
27/04/2016 21:35:04 (Std) 	[ImageManager] Created image: 'OgreTrayImages/FrameR' (0x3cc5970) of type: BasicImage
27/04/2016 21:35:04 (Std) 	[ImageManager] Created image: 'OgreTrayImages/FrameT' (0x3cc5b80) of type: BasicImage
27/04/2016 21:35:04 (Std) 	[ImageManager] Created image: 'OgreTrayImages/Handle' (0x3cc5d90) of type: BasicImage
27/04/2016 21:35:04 (Std) 	[ImageManager] Created image: 'OgreTrayImages/TrayBL' (0x3cc5fa0) of type: BasicImage
27/04/2016 21:35:04 (Std) 	[ImageManager] Created image: 'OgreTrayImages/TrayBR' (0x3cc61b0) of type: BasicImage
27/04/2016 21:35:04 (Std) 	[ImageManager] Created image: 'OgreTrayImages/TrayTL' (0x3cc63c0) of type: BasicImage
27/04/2016 21:35:04 (Std) 	[ImageManager] Created image: 'OgreTrayImages/TrayTR' (0x3cc65d0) of type: BasicImage
27/04/2016 21:35:04 (Std) 	[ImageManager] Created image: 'OgreTrayImages/FrameBL' (0x3cc67e0) of type: BasicImage
27/04/2016 21:35:04 (Std) 	[ImageManager] Created image: 'OgreTrayImages/FrameBR' (0x3cc69f0) of type: BasicImage
27/04/2016 21:35:04 (Std) 	[ImageManager] Created image: 'OgreTrayImages/FrameTL' (0x3cc6c00) of type: BasicImage
27/04/2016 21:35:04 (Std) 	[ImageManager] Created image: 'OgreTrayImages/FrameTR' (0x3cc6e10) of type: BasicImage
27/04/2016 21:35:04 (Std) 	[ImageManager] Created image: 'OgreTrayImages/CaptionL' (0x3cc7020) of type: BasicImage
27/04/2016 21:35:04 (Std) 	[ImageManager] Created image: 'OgreTrayImages/CaptionM' (0x3cc7230) of type: BasicImage
27/04/2016 21:35:04 (Std) 	[ImageManager] Created image: 'OgreTrayImages/CaptionR' (0x3cc7440) of type: BasicImage
27/04/2016 21:35:04 (Std) 	[ImageManager] Created image: 'OgreTrayImages/OgreLogo' (0x3cc7650) of type: BasicImage
27/04/2016 21:35:04 (Std) 	[ImageManager] Created image: 'OgreTrayImages/TextBoxB' (0x3cc7860) of type: BasicImage
27/04/2016 21:35:04 (Std) 	[ImageManager] Created image: 'OgreTrayImages/TextBoxL' (0x3cc7a70) of type: BasicImage
27/04/2016 21:35:04 (Std) 	[ImageManager] Created image: 'OgreTrayImages/TextBoxM' (0x3cc7c80) of type: BasicImage
27/04/2016 21:35:04 (Std) 	[ImageManager] Created image: 'OgreTrayImages/TextBoxR' (0x3cc7e90) of type: BasicImage
27/04/2016 21:35:04 (Std) 	[ImageManager] Created image: 'OgreTrayImages/TextBoxT' (0x3cc80a0) of type: BasicImage
27/04/2016 21:35:04 (Std) 	[ImageManager] Created image: 'OgreTrayImages/BandsFull' (0x3cc82b0) of type: BasicImage
27/04/2016 21:35:04 (Std) 	[ImageManager] Created image: 'OgreTrayImages/ButtonUpB' (0x3cc84c0) of type: BasicImage
27/04/2016 21:35:04 (Std) 	[ImageManager] Created image: 'OgreTrayImages/ButtonUpL' (0x3cc86d0) of type: BasicImage
27/04/2016 21:35:04 (Std) 	[ImageManager] Created image: 'OgreTrayImages/ButtonUpM' (0x3cc88e0) of type: BasicImage
27/04/2016 21:35:04 (Std) 	[ImageManager] Created image: 'OgreTrayImages/ButtonUpR' (0x3cc8af0) of type: BasicImage
27/04/2016 21:35:04 (Std) 	[ImageManager] Created image: 'OgreTrayImages/ButtonUpT' (0x3cc8d00) of type: BasicImage
27/04/2016 21:35:04 (Std) 	[ImageManager] Created image: 'OgreTrayImages/MiniTrayB' (0x3cc8f10) of type: BasicImage
27/04/2016 21:35:04 (Std) 	[ImageManager] Created image: 'OgreTrayImages/MiniTrayL' (0x3cc9120) of type: BasicImage
27/04/2016 21:35:04 (Std) 	[ImageManager] Created image: 'OgreTrayImages/MiniTrayM' (0x3cc9330) of type: BasicImage
27/04/2016 21:35:04 (Std) 	[ImageManager] Created image: 'OgreTrayImages/MiniTrayR' (0x3cc9540) of type: BasicImage
27/04/2016 21:35:04 (Std) 	[ImageManager] Created image: 'OgreTrayImages/MiniTrayT' (0x3cc9750) of type: BasicImage
27/04/2016 21:35:04 (Std) 	[ImageManager] Created image: 'OgreTrayImages/TextBoxBL' (0x3cc9960) of type: BasicImage
27/04/2016 21:35:04 (Std) 	[ImageManager] Created image: 'OgreTrayImages/TextBoxBR' (0x3cc9b70) of type: BasicImage
27/04/2016 21:35:04 (Std) 	[ImageManager] Created image: 'OgreTrayImages/TextBoxTL' (0x3cc9d80) of type: BasicImage
27/04/2016 21:35:04 (Std) 	[ImageManager] Created image: 'OgreTrayImages/TextBoxTR' (0x3cc9f90) of type: BasicImage
27/04/2016 21:35:04 (Std) 	[ImageManager] Created image: 'OgreTrayImages/ButtonUpBL' (0x3cca1a0) of type: BasicImage
27/04/2016 21:35:04 (Std) 	[ImageManager] Created image: 'OgreTrayImages/ButtonUpBR' (0x3cca3b0) of type: BasicImage
27/04/2016 21:35:04 (Std) 	[ImageManager] Created image: 'OgreTrayImages/ButtonUpTL' (0x3cca5c0) of type: BasicImage
27/04/2016 21:35:04 (Std) 	[ImageManager] Created image: 'OgreTrayImages/ButtonUpTR' (0x3cca7d0) of type: BasicImage
27/04/2016 21:35:04 (Std) 	[ImageManager] Created image: 'OgreTrayImages/HorzTrackL' (0x3cca9e0) of type: BasicImage
27/04/2016 21:35:04 (Std) 	[ImageManager] Created image: 'OgreTrayImages/HorzTrackM' (0x3ccabf0) of type: BasicImage
27/04/2016 21:35:04 (Std) 	[ImageManager] Created image: 'OgreTrayImages/HorzTrackR' (0x3ccae00) of type: BasicImage
27/04/2016 21:35:04 (Std) 	[ImageManager] Created image: 'OgreTrayImages/MiniTrayBL' (0x3ccb010) of type: BasicImage
27/04/2016 21:35:04 (Std) 	[ImageManager] Created image: 'OgreTrayImages/MiniTrayBR' (0x3ccb220) of type: BasicImage
27/04/2016 21:35:04 (Std) 	[ImageManager] Created image: 'OgreTrayImages/MiniTrayTL' (0x3ccb430) of type: BasicImage
27/04/2016 21:35:04 (Std) 	[ImageManager] Created image: 'OgreTrayImages/MiniTrayTR' (0x3ccb640) of type: BasicImage
27/04/2016 21:35:04 (Std) 	[ImageManager] Created image: 'OgreTrayImages/MouseArrow' (0x3ccb850) of type: BasicImage
27/04/2016 21:35:04 (Std) 	[ImageManager] Created image: 'OgreTrayImages/SeparatorL' (0x3ccba60) of type: BasicImage
27/04/2016 21:35:04 (Std) 	[ImageManager] Created image: 'OgreTrayImages/SeparatorM' (0x3ccbc70) of type: BasicImage
27/04/2016 21:35:04 (Std) 	[ImageManager] Created image: 'OgreTrayImages/SeparatorR' (0x3ccbe80) of type: BasicImage
27/04/2016 21:35:04 (Std) 	[ImageManager] Created image: 'OgreTrayImages/VertTrackB' (0x3ccc090) of type: BasicImage
27/04/2016 21:35:04 (Std) 	[ImageManager] Created image: 'OgreTrayImages/VertTrackM' (0x3ccc2a0) of type: BasicImage
27/04/2016 21:35:04 (Std) 	[ImageManager] Created image: 'OgreTrayImages/VertTrackT' (0x3ccc4b0) of type: BasicImage
27/04/2016 21:35:04 (Std) 	[ImageManager] Created image: 'OgreTrayImages/ButtonDownB' (0x3ccc6c0) of type: BasicImage
27/04/2016 21:35:04 (Std) 	[ImageManager] Created image: 'OgreTrayImages/ButtonDownL' (0x3ccc8d0) of type: BasicImage
27/04/2016 21:35:04 (Std) 	[ImageManager] Created image: 'OgreTrayImages/ButtonDownM' (0x3cccae0) of type: BasicImage
27/04/2016 21:35:04 (Std) 	[ImageManager] Created image: 'OgreTrayImages/ButtonDownR' (0x3ccccf0) of type: BasicImage
27/04/2016 21:35:04 (Std) 	[ImageManager] Created image: 'OgreTrayImages/ButtonDownT' (0x3cccf00) of type: BasicImage
27/04/2016 21:35:04 (Std) 	[ImageManager] Created image: 'OgreTrayImages/ButtonOverB' (0x3ccd110) of type: BasicImage
27/04/2016 21:35:04 (Std) 	[ImageManager] Created image: 'OgreTrayImages/ButtonOverL' (0x3ccd320) of type: BasicImage
27/04/2016 21:35:04 (Std) 	[ImageManager] Created image: 'OgreTrayImages/ButtonOverM' (0x3ccd530) of type: BasicImage
27/04/2016 21:35:04 (Std) 	[ImageManager] Created image: 'OgreTrayImages/ButtonOverR' (0x3ccd740) of type: BasicImage
27/04/2016 21:35:04 (Std) 	[ImageManager] Created image: 'OgreTrayImages/ButtonOverT' (0x3ccd950) of type: BasicImage
27/04/2016 21:35:04 (Std) 	[ImageManager] Created image: 'OgreTrayImages/ButtonDownBL' (0x3ccdb60) of type: BasicImage
27/04/2016 21:35:04 (Std) 	[ImageManager] Created image: 'OgreTrayImages/ButtonDownBR' (0x3ccdd70) of type: BasicImage
27/04/2016 21:35:04 (Std) 	[ImageManager] Created image: 'OgreTrayImages/ButtonDownTL' (0x3ccdf80) of type: BasicImage
27/04/2016 21:35:04 (Std) 	[ImageManager] Created image: 'OgreTrayImages/ButtonDownTR' (0x3cce190) of type: BasicImage
27/04/2016 21:35:04 (Std) 	[ImageManager] Created image: 'OgreTrayImages/ButtonOverBL' (0x3cce3a0) of type: BasicImage
27/04/2016 21:35:04 (Std) 	[ImageManager] Created image: 'OgreTrayImages/ButtonOverBR' (0x3cce5b0) of type: BasicImage
27/04/2016 21:35:04 (Std) 	[ImageManager] Created image: 'OgreTrayImages/ButtonOverTL' (0x3cce7c0) of type: BasicImage
27/04/2016 21:35:04 (Std) 	[ImageManager] Created image: 'OgreTrayImages/ButtonOverTR' (0x3cce9d0) of type: BasicImage
27/04/2016 21:35:04 (Std) 	[ImageManager] Created image: 'OgreTrayImages/GenericBrush' (0x3ccebe0) of type: BasicImage
27/04/2016 21:35:04 (Std) 	[ImageManager] Created image: 'OgreTrayImages/MiniTextBoxB' (0x3ccedf0) of type: BasicImage
27/04/2016 21:35:04 (Std) 	[ImageManager] Created image: 'OgreTrayImages/MiniTextBoxL' (0x3cc26a0) of type: BasicImage
27/04/2016 21:35:04 (Std) 	[ImageManager] Created image: 'OgreTrayImages/MiniTextBoxM' (0x3ccf0f0) of type: BasicImage
27/04/2016 21:35:04 (Std) 	[ImageManager] Created image: 'OgreTrayImages/MiniTextBoxR' (0x3ccf300) of type: BasicImage
27/04/2016 21:35:04 (Std) 	[ImageManager] Created image: 'OgreTrayImages/MiniTextBoxT' (0x3cbea80) of type: BasicImage
27/04/2016 21:35:04 (Std) 	[ImageManager] Created image: 'OgreTrayImages/MiniTextBoxBL' (0x3cdd420) of type: BasicImage
27/04/2016 21:35:04 (Std) 	[ImageManager] Created image: 'OgreTrayImages/MiniTextBoxBR' (0x3cdd630) of type: BasicImage
27/04/2016 21:35:04 (Std) 	[ImageManager] Created image: 'OgreTrayImages/MiniTextBoxTL' (0x3cdd840) of type: BasicImage
27/04/2016 21:35:04 (Std) 	[ImageManager] Created image: 'OgreTrayImages/MiniTextBoxTR' (0x3cdda50) of type: BasicImage
27/04/2016 21:35:04 (Std) 	[ImageManager] Created image: 'OgreTrayImages/MiniTextBoxOverB' (0x3cddc60) of type: BasicImage
27/04/2016 21:35:04 (Std) 	[ImageManager] Created image: 'OgreTrayImages/MiniTextBoxOverL' (0x3cdde70) of type: BasicImage
27/04/2016 21:35:04 (Std) 	[ImageManager] Created image: 'OgreTrayImages/MiniTextBoxOverM' (0x3cde080) of type: BasicImage
27/04/2016 21:35:04 (Std) 	[ImageManager] Created image: 'OgreTrayImages/MiniTextBoxOverR' (0x3cde290) of type: BasicImage
27/04/2016 21:35:04 (Std) 	[ImageManager] Created image: 'OgreTrayImages/MiniTextBoxOverT' (0x3cde4a0) of type: BasicImage
27/04/2016 21:35:04 (Std) 	[ImageManager] Created image: 'OgreTrayImages/MiniTextBoxOverBL' (0x3cde840) of type: BasicImage
27/04/2016 21:35:04 (Std) 	[ImageManager] Created image: 'OgreTrayImages/MiniTextBoxOverBR' (0x3cc0420) of type: BasicImage
27/04/2016 21:35:04 (Std) 	[ImageManager] Created image: 'OgreTrayImages/MiniTextBoxOverTL' (0x3cdeea0) of type: BasicImage
27/04/2016 21:35:04 (Std) 	[ImageManager] Created image: 'OgreTrayImages/MiniTextBoxOverTR' (0x3cdf1d0) of type: BasicImage
27/04/2016 21:35:04 (Std) 	===== Falagard 'root' element: look and feel parsing begins =====
27/04/2016 21:35:04 (Std) 	===== Look and feel parsing completed =====
27/04/2016 21:35:04 (Std) 	No window renderer factories specified for module 'CEGUICoreWindowRendererSet' - adding all available factories...
27/04/2016 21:35:04 (Std) 	Created WindowRendererFactory for 'Core/Button' WindowRenderers.
27/04/2016 21:35:04 (Std) 	WindowRendererFactory 'Core/Button' added. (0x3f5b6d0)
27/04/2016 21:35:04 (Std) 	Created WindowRendererFactory for 'Core/Default' WindowRenderers.
27/04/2016 21:35:04 (Std) 	WindowRendererFactory 'Core/Default' added. (0x3f27000)
27/04/2016 21:35:04 (Std) 	Created WindowRendererFactory for 'Core/Editbox' WindowRenderers.
27/04/2016 21:35:04 (Std) 	WindowRendererFactory 'Core/Editbox' added. (0x3f271a0)
27/04/2016 21:35:04 (Std) 	Created WindowRendererFactory for 'Core/FrameWindow' WindowRenderers.
27/04/2016 21:35:04 (Std) 	WindowRendererFactory 'Core/FrameWindow' added. (0x3cc1530)
27/04/2016 21:35:04 (Std) 	Created WindowRendererFactory for 'Core/ItemEntry' WindowRenderers.
27/04/2016 21:35:04 (Std) 	WindowRendererFactory 'Core/ItemEntry' added. (0x3cc16d0)
27/04/2016 21:35:04 (Std) 	Created WindowRendererFactory for 'Core/ListHeader' WindowRenderers.
27/04/2016 21:35:04 (Std) 	WindowRendererFactory 'Core/ListHeader' added. (0x3dd1140)
27/04/2016 21:35:04 (Std) 	Created WindowRendererFactory for 'Core/ListHeaderSegment' WindowRenderers.
27/04/2016 21:35:04 (Std) 	WindowRendererFactory 'Core/ListHeaderSegment' added. (0x3dd12e0)
27/04/2016 21:35:04 (Std) 	Created WindowRendererFactory for 'Core/Listbox' WindowRenderers.
27/04/2016 21:35:04 (Std) 	WindowRendererFactory 'Core/Listbox' added. (0x3f28570)
27/04/2016 21:35:04 (Std) 	Created WindowRendererFactory for 'Core/Menubar' WindowRenderers.
27/04/2016 21:35:04 (Std) 	WindowRendererFactory 'Core/Menubar' added. (0x3f28710)
27/04/2016 21:35:04 (Std) 	Created WindowRendererFactory for 'Core/MenuItem' WindowRenderers.
27/04/2016 21:35:04 (Std) 	WindowRendererFactory 'Core/MenuItem' added. (0x3f287d0)
27/04/2016 21:35:04 (Std) 	Created WindowRendererFactory for 'Core/MultiColumnList' WindowRenderers.
27/04/2016 21:35:04 (Std) 	WindowRendererFactory 'Core/MultiColumnList' added. (0x3cbee50)
27/04/2016 21:35:04 (Std) 	Created WindowRendererFactory for 'Core/MultiLineEditbox' WindowRenderers.
27/04/2016 21:35:04 (Std) 	WindowRendererFactory 'Core/MultiLineEditbox' added. (0x3eea3f0)
27/04/2016 21:35:04 (Std) 	Created WindowRendererFactory for 'Core/PopupMenu' WindowRenderers.
27/04/2016 21:35:04 (Std) 	WindowRendererFactory 'Core/PopupMenu' added. (0x3eea590)
27/04/2016 21:35:04 (Std) 	Created WindowRendererFactory for 'Core/ProgressBar' WindowRenderers.
27/04/2016 21:35:04 (Std) 	WindowRendererFactory 'Core/ProgressBar' added. (0x3eea730)
27/04/2016 21:35:04 (Std) 	Created WindowRendererFactory for 'Core/ScrollablePane' WindowRenderers.
27/04/2016 21:35:04 (Std) 	WindowRendererFactory 'Core/ScrollablePane' added. (0x3f49930)
27/04/2016 21:35:04 (Std) 	Created WindowRendererFactory for 'Core/Scrollbar' WindowRenderers.
27/04/2016 21:35:04 (Std) 	WindowRendererFactory 'Core/Scrollbar' added. (0x3f49ad0)
27/04/2016 21:35:04 (Std) 	Created WindowRendererFactory for 'Core/Slider' WindowRenderers.
27/04/2016 21:35:04 (Std) 	WindowRendererFactory 'Core/Slider' added. (0x3cc4480)
27/04/2016 21:35:04 (Std) 	Created WindowRendererFactory for 'Core/Static' WindowRenderers.
27/04/2016 21:35:04 (Std) 	WindowRendererFactory 'Core/Static' added. (0x3cc4730)
27/04/2016 21:35:04 (Std) 	Created WindowRendererFactory for 'Core/StaticImage' WindowRenderers.
27/04/2016 21:35:04 (Std) 	WindowRendererFactory 'Core/StaticImage' added. (0x3cc48d0)
27/04/2016 21:35:04 (Std) 	Created WindowRendererFactory for 'Core/StaticText' WindowRenderers.
27/04/2016 21:35:04 (Std) 	WindowRendererFactory 'Core/StaticText' added. (0x3cc4a70)
27/04/2016 21:35:04 (Std) 	Created WindowRendererFactory for 'Core/TabButton' WindowRenderers.
27/04/2016 21:35:04 (Std) 	WindowRendererFactory 'Core/TabButton' added. (0x3cbfb80)
27/04/2016 21:35:04 (Std) 	Created WindowRendererFactory for 'Core/TabControl' WindowRenderers.
27/04/2016 21:35:04 (Std) 	WindowRendererFactory 'Core/TabControl' added. (0x3cbfd20)
27/04/2016 21:35:04 (Std) 	Created WindowRendererFactory for 'Core/Titlebar' WindowRenderers.
27/04/2016 21:35:04 (Std) 	WindowRendererFactory 'Core/Titlebar' added. (0x3cbfec0)
27/04/2016 21:35:04 (Std) 	Created WindowRendererFactory for 'Core/ToggleButton' WindowRenderers.
27/04/2016 21:35:04 (Std) 	WindowRendererFactory 'Core/ToggleButton' added. (0x3cc0060)
27/04/2016 21:35:04 (Std) 	Created WindowRendererFactory for 'Core/Tooltip' WindowRenderers.
27/04/2016 21:35:04 (Std) 	WindowRendererFactory 'Core/Tooltip' added. (0x3cc0200)
27/04/2016 21:35:04 (Std) 	Created WindowRendererFactory for 'Core/ItemListbox' WindowRenderers.
27/04/2016 21:35:04 (Std) 	WindowRendererFactory 'Core/ItemListbox' added. (0x3cc02c0)
27/04/2016 21:35:04 (Std) 	Created WindowRendererFactory for 'Core/Tree' WindowRenderers.
27/04/2016 21:35:04 (Std) 	WindowRendererFactory 'Core/Tree' added. (0x3cc3bd0)
27/04/2016 21:35:04 (Std) 	Creating falagard mapping for type 'OgreTray/Label' using base type 'DefaultWindow', window renderer 'Core/Default' Look'N'Feel 'OgreTray/Label' and RenderEffect ''. (0x7ffd46c44c30)
27/04/2016 21:35:04 (Std) 	Creating falagard mapping for type 'OgreTray/Button' using base type 'CEGUI/PushButton', window renderer 'Core/Button' Look'N'Feel 'OgreTray/PushButton' and RenderEffect ''. (0x7ffd46c44c30)
27/04/2016 21:35:04 (Std) 	Creating falagard mapping for type 'OgreTray/Titlebar' using base type 'CEGUI/Titlebar', window renderer 'Core/Titlebar' Look'N'Feel 'OgreTray/Titlebar' and RenderEffect ''. (0x7ffd46c44c30)
27/04/2016 21:35:04 (Std) 	Creating falagard mapping for type 'OgreTray/FrameWindow' using base type 'CEGUI/FrameWindow', window renderer 'Core/FrameWindow' Look'N'Feel 'OgreTray/FrameWindow' and RenderEffect ''. (0x7ffd46c44c30)
27/04/2016 21:35:04 (Std) 	Creating falagard mapping for type 'OgreTray/Thumb' using base type 'CEGUI/Thumb', window renderer 'Core/Button' Look'N'Feel 'OgreTray/Thumb' and RenderEffect ''. (0x7ffd46c44c30)
27/04/2016 21:35:04 (Std) 	Creating falagard mapping for type 'OgreTray/VerticalScrollbar' using base type 'CEGUI/Scrollbar', window renderer 'Core/Scrollbar' Look'N'Feel 'OgreTray/VerticalScrollbar' and RenderEffect ''. (0x7ffd46c44c30)
27/04/2016 21:35:04 (Std) 	Creating falagard mapping for type 'OgreTray/HorizontalScrollbar' using base type 'CEGUI/Scrollbar', window renderer 'Core/Scrollbar' Look'N'Feel 'OgreTray/HorizontalScrollbar' and RenderEffect ''. (0x7ffd46c44c30)
27/04/2016 21:35:04 (Std) 	Creating falagard mapping for type 'OgreTray/StaticText' using base type 'DefaultWindow', window renderer 'Core/StaticText' Look'N'Feel 'OgreTray/StaticText' and RenderEffect ''. (0x7ffd46c44c30)
27/04/2016 21:35:04 (Std) 	Creating falagard mapping for type 'OgreTray/Title' using base type 'DefaultWindow', window renderer 'Core/Default' Look'N'Feel 'OgreTray/MiniTray' and RenderEffect ''. (0x7ffd46c44c30)
27/04/2016 21:35:04 (Std) 	Creating falagard mapping for type 'OgreTray/CaptionedStaticText' using base type 'DefaultWindow', window renderer 'Core/StaticText' Look'N'Feel 'OgreTray/CaptionedStaticText' and RenderEffect ''. (0x7ffd46c44c30)
27/04/2016 21:35:04 (Std) 	Creating falagard mapping for type 'OgreTray/ProgressBar' using base type 'CEGUI/ProgressBar', window renderer 'Core/ProgressBar' Look'N'Feel 'OgreTray/ProgressBar' and RenderEffect ''. (0x7ffd46c44c30)
27/04/2016 21:35:04 (Std) 	Creating falagard mapping for type 'OgreTray/Editbox' using base type 'CEGUI/Editbox', window renderer 'Core/Editbox' Look'N'Feel 'OgreTray/Editbox' and RenderEffect ''. (0x7ffd46c44c30)
27/04/2016 21:35:04 (Std) 	Creating falagard mapping for type 'OgreTray/MultiLineEditbox' using base type 'CEGUI/MultiLineEditbox', window renderer 'Core/MultiLineEditbox' Look'N'Feel 'OgreTray/MultiLineEditbox' and RenderEffect ''. (0x7ffd46c44c30)
27/04/2016 21:35:04 (Std) 	Creating falagard mapping for type 'OgreTray/Listbox' using base type 'CEGUI/Listbox', window renderer 'Core/Listbox' Look'N'Feel 'OgreTray/Listbox' and RenderEffect ''. (0x7ffd46c44c30)
27/04/2016 21:35:04 (Std) 	Creating falagard mapping for type 'OgreTray/ComboDropList' using base type 'CEGUI/ComboDropList', window renderer 'Core/Listbox' Look'N'Feel 'OgreTray/Listbox' and RenderEffect ''. (0x7ffd46c44c30)
27/04/2016 21:35:04 (Std) 	Creating falagard mapping for type 'OgreTray/Combobox' using base type 'CEGUI/Combobox', window renderer 'Core/Default' Look'N'Feel 'OgreTray/Combobox' and RenderEffect ''. (0x7ffd46c44c30)
27/04/2016 21:35:04 (Std) 	Creating falagard mapping for type 'OgreTray/DropDownMenu' using base type 'CEGUI/Combobox', window renderer 'Core/Default' Look'N'Feel 'OgreTray/DropDownMenu' and RenderEffect ''. (0x7ffd46c44c30)
27/04/2016 21:35:04 (Std) 	Creating falagard mapping for type 'OgreTray/Group' using base type 'DefaultWindow', window renderer 'Core/Default' Look'N'Feel 'OgreTray/Group' and RenderEffect ''. (0x7ffd46c44c30)
27/04/2016 21:35:04 (Std) 	Creating falagard mapping for type 'OgreTray/Checkbox' using base type 'CEGUI/ToggleButton', window renderer 'Core/ToggleButton' Look'N'Feel 'OgreTray/Checkbox' and RenderEffect ''. (0x7ffd46c44c30)
27/04/2016 21:35:04 (Std) 	Creating falagard mapping for type 'OgreTray/RadioButton' using base type 'CEGUI/RadioButton', window renderer 'Core/ToggleButton' Look'N'Feel 'OgreTray/RadioButton' and RenderEffect ''. (0x7ffd46c44c30)
27/04/2016 21:35:04 (Std) 	Creating falagard mapping for type 'OgreTray/Slider' using base type 'CEGUI/Slider', window renderer 'Core/Slider' Look'N'Feel 'OgreTray/Slider' and RenderEffect ''. (0x7ffd46c44c30)
27/04/2016 21:35:04 (Std) 	Creating falagard mapping for type 'OgreTray/StaticImage' using base type 'DefaultWindow', window renderer 'Core/StaticImage' Look'N'Feel 'OgreTray/StaticImage' and RenderEffect ''. (0x7ffd46c44c30)
27/04/2016 21:35:04 (Std) 	Creating falagard mapping for type 'OgreTray/AltStaticImage' using base type 'DefaultWindow', window renderer 'Core/Default' Look'N'Feel 'OgreTray/AltStaticImage' and RenderEffect ''. (0x7ffd46c44c30)
27/04/2016 21:35:04 (Std) 	Creating falagard mapping for type 'OgreTray/Tooltip' using base type 'CEGUI/Tooltip', window renderer 'Core/Tooltip' Look'N'Feel 'OgreTray/Tooltip' and RenderEffect ''. (0x7ffd46c44c30)
27/04/2016 21:35:04 (Std) 	Creating falagard mapping for type 'OgreTray/ItemListbox' using base type 'CEGUI/ItemListbox', window renderer 'Core/ItemListbox' Look'N'Feel 'OgreTray/ItemListbox' and RenderEffect ''. (0x7ffd46c44c30)
27/04/2016 21:35:04 (Std) 	Creating falagard mapping for type 'OgreTray/ListboxItem' using base type 'CEGUI/ItemEntry', window renderer 'Core/ItemEntry' Look'N'Feel 'OgreTray/ListboxItem' and RenderEffect ''. (0x7ffd46c44c30)
27/04/2016 21:35:04 (Std) 	Creating falagard mapping for type 'OgreTray/Spinner' using base type 'CEGUI/Spinner', window renderer 'Core/Default' Look'N'Feel 'OgreTray/Spinner' and RenderEffect ''. (0x7ffd46c44c30)
27/04/2016 21:35:04 (Std) 	Creating falagard mapping for type 'OgreTray/ScrollablePane' using base type 'CEGUI/ScrollablePane', window renderer 'Core/ScrollablePane' Look'N'Feel 'OgreTray/ScrollablePane' and RenderEffect ''. (0x7ffd46c44c30)
27/04/2016 21:35:04 (Std) 	Creating falagard mapping for type 'OgreTray/ListHeaderSegment' using base type 'CEGUI/ListHeaderSegment', window renderer 'Core/ListHeaderSegment' Look'N'Feel 'OgreTray/ListHeaderSegment' and RenderEffect ''. (0x7ffd46c44c30)
27/04/2016 21:35:04 (Std) 	Creating falagard mapping for type 'OgreTray/ListHeader' using base type 'CEGUI/ListHeader', window renderer 'Core/ListHeader' Look'N'Feel 'OgreTray/ListHeader' and RenderEffect ''. (0x7ffd46c44c30)
27/04/2016 21:35:04 (Std) 	Creating falagard mapping for type 'OgreTray/MultiColumnList' using base type 'CEGUI/MultiColumnList', window renderer 'Core/MultiColumnList' Look'N'Feel 'OgreTray/MultiColumnList' and RenderEffect ''. (0x7ffd46c44c30)
27/04/2016 21:35:04 (Std) 	Creating falagard mapping for type 'OgreTray/MenuItem' using base type 'CEGUI/MenuItem', window renderer 'Core/MenuItem' Look'N'Feel 'OgreTray/MenuItem' and RenderEffect ''. (0x7ffd46c44c30)
27/04/2016 21:35:04 (Std) 	Creating falagard mapping for type 'OgreTray/Menubar' using base type 'CEGUI/Menubar', window renderer 'Core/Menubar' Look'N'Feel 'OgreTray/Menubar' and RenderEffect ''. (0x7ffd46c44c30)
27/04/2016 21:35:04 (Std) 	Creating falagard mapping for type 'OgreTray/PopupMenu' using base type 'CEGUI/PopupMenu', window renderer 'Core/PopupMenu' Look'N'Feel 'OgreTray/PopupMenu' and RenderEffect ''. (0x7ffd46c44c30)
27/04/2016 21:35:04 (Std) 	Creating falagard mapping for type 'OgreTray/TabButton' using base type 'CEGUI/TabButton', window renderer 'Core/TabButton' Look'N'Feel 'OgreTray/TabButton' and RenderEffect ''. (0x7ffd46c44c30)
27/04/2016 21:35:04 (Std) 	Creating falagard mapping for type 'OgreTray/TabButtonPane' using base type 'DefaultWindow', window renderer 'Core/Default' Look'N'Feel 'OgreTray/TabButtonPane' and RenderEffect ''. (0x7ffd46c44c30)
27/04/2016 21:35:04 (Std) 	Creating falagard mapping for type 'OgreTray/TabContentPane' using base type 'DefaultWindow', window renderer 'Core/Default' Look'N'Feel 'OgreTray/TabContentPane' and RenderEffect ''. (0x7ffd46c44c30)
27/04/2016 21:35:04 (Std) 	Creating falagard mapping for type 'OgreTray/TabControl' using base type 'CEGUI/TabControl', window renderer 'Core/TabControl' Look'N'Feel 'OgreTray/TabControl' and RenderEffect ''. (0x7ffd46c44c30)
27/04/2016 21:35:04 (Std) 	Creating falagard mapping for type 'OgreTray/BG' using base type 'DefaultWindow', window renderer 'Core/Default' Look'N'Feel 'OgreTray/BGTest' and RenderEffect ''. (0x7ffd46c44c30)
27/04/2016 21:35:04 (Std) 	Started creation of Scheme from XML specification:
27/04/2016 21:35:04 (Std) 	---- CEGUI GUIScheme name: TaharezLook
27/04/2016 21:35:04 (Std) 	[ImageManager] Started creation of Imageset from XML specification:
27/04/2016 21:35:04 (Std) 	[ImageManager] ---- CEGUI Imageset name: TaharezLook
27/04/2016 21:35:04 (Std) 	[ImageManager] ---- Source texture file: TaharezLook.png
27/04/2016 21:35:04 (Std) 	[ImageManager] ---- Source texture resource group: (Default)
27/04/2016 21:35:04 (Std) 	[OgreRenderer] Created texture: TaharezLook
27/04/2016 21:35:04 (Std) 	[ImageManager] Created image: 'TaharezLook/ClientBrush' (0x3e4cec0) of type: BasicImage
27/04/2016 21:35:04 (Std) 	[ImageManager] Created image: 'TaharezLook/GenericBrush' (0x3e4c6f0) of type: BasicImage
27/04/2016 21:35:04 (Std) 	[ImageManager] Created image: 'TaharezLook/WindowLeftEdge' (0x3e47b40) of type: BasicImage
27/04/2016 21:35:04 (Std) 	[ImageManager] Created image: 'TaharezLook/WindowRightEdge' (0x3e75950) of type: BasicImage
27/04/2016 21:35:04 (Std) 	[ImageManager] Created image: 'TaharezLook/WindowTopEdge' (0x3e4d260) of type: BasicImage
27/04/2016 21:35:04 (Std) 	[ImageManager] Created image: 'TaharezLook/WindowBottomEdge' (0x3e75230) of type: BasicImage
27/04/2016 21:35:04 (Std) 	[ImageManager] Created image: 'TaharezLook/WindowTopLeft' (0x3e4d790) of type: BasicImage
27/04/2016 21:35:04 (Std) 	[ImageManager] Created image: 'TaharezLook/WindowTopRight' (0x3e47d50) of type: BasicImage
27/04/2016 21:35:04 (Std) 	[ImageManager] Created image: 'TaharezLook/WindowBottomLeft' (0x3e47f60) of type: BasicImage
27/04/2016 21:35:04 (Std) 	[ImageManager] Created image: 'TaharezLook/WindowBottomRight' (0x3e48170) of type: BasicImage
27/04/2016 21:35:04 (Std) 	[ImageManager] Created image: 'TaharezLook/ButtonLeftNormal' (0x3e48380) of type: BasicImage
27/04/2016 21:35:04 (Std) 	[ImageManager] Created image: 'TaharezLook/ButtonMiddleNormal' (0x3e48590) of type: BasicImage
27/04/2016 21:35:04 (Std) 	[ImageManager] Created image: 'TaharezLook/ButtonRightNormal' (0x3e487a0) of type: BasicImage
27/04/2016 21:35:04 (Std) 	[ImageManager] Created image: 'TaharezLook/ButtonLeftPushed' (0x3e489b0) of type: BasicImage
27/04/2016 21:35:04 (Std) 	[ImageManager] Created image: 'TaharezLook/ButtonMiddlePushed' (0x3e48bc0) of type: BasicImage
27/04/2016 21:35:04 (Std) 	[ImageManager] Created image: 'TaharezLook/ButtonRightPushed' (0x3e48dd0) of type: BasicImage
27/04/2016 21:35:04 (Std) 	[ImageManager] Created image: 'TaharezLook/ButtonLeftHighlight' (0x3e48fe0) of type: BasicImage
27/04/2016 21:35:04 (Std) 	[ImageManager] Created image: 'TaharezLook/ButtonMiddleHighlight' (0x3e491f0) of type: BasicImage
27/04/2016 21:35:04 (Std) 	[ImageManager] Created image: 'TaharezLook/ButtonRightHighlight' (0x3e49400) of type: BasicImage
27/04/2016 21:35:04 (Std) 	[ImageManager] Created image: 'TaharezLook/CheckboxNormal' (0x3e49610) of type: BasicImage
27/04/2016 21:35:04 (Std) 	[ImageManager] Created image: 'TaharezLook/CheckboxHover' (0x3e49820) of type: BasicImage
27/04/2016 21:35:04 (Std) 	[ImageManager] Created image: 'TaharezLook/CheckboxMark' (0x3e49a30) of type: BasicImage
27/04/2016 21:35:04 (Std) 	[ImageManager] Created image: 'TaharezLook/RadioButtonNormal' (0x3e49c40) of type: BasicImage
27/04/2016 21:35:04 (Std) 	[ImageManager] Created image: 'TaharezLook/RadioButtonHover' (0x3e49e50) of type: BasicImage
27/04/2016 21:35:04 (Std) 	[ImageManager] Created image: 'TaharezLook/RadioButtonMark' (0x3e4a060) of type: BasicImage
27/04/2016 21:35:04 (Std) 	[ImageManager] Created image: 'TaharezLook/TitlebarLeft' (0x3e4a270) of type: BasicImage
27/04/2016 21:35:04 (Std) 	[ImageManager] Created image: 'TaharezLook/TitlebarMiddle' (0x3e4a480) of type: BasicImage
27/04/2016 21:35:04 (Std) 	[ImageManager] Created image: 'TaharezLook/TitlebarRight' (0x3e4a690) of type: BasicImage
27/04/2016 21:35:04 (Std) 	[ImageManager] Created image: 'TaharezLook/NewTitlebarLeft' (0x3e4a8a0) of type: BasicImage
27/04/2016 21:35:04 (Std) 	[ImageManager] Created image: 'TaharezLook/NewTitlebarMiddle' (0x3e4ca90) of type: BasicImage
27/04/2016 21:35:04 (Std) 	[ImageManager] Created image: 'TaharezLook/NewTitlebarRight' (0x3e561a0) of type: BasicImage
27/04/2016 21:35:04 (Std) 	[ImageManager] Created image: 'TaharezLook/SysAreaMiddle' (0x3e563b0) of type: BasicImage
27/04/2016 21:35:04 (Std) 	[ImageManager] Created image: 'TaharezLook/SysAreaRight' (0x3e565c0) of type: BasicImage
27/04/2016 21:35:04 (Std) 	[ImageManager] Created image: 'TaharezLook/StaticLeft' (0x3e567d0) of type: BasicImage
27/04/2016 21:35:04 (Std) 	[ImageManager] Created image: 'TaharezLook/StaticRight' (0x3e569e0) of type: BasicImage
27/04/2016 21:35:04 (Std) 	[ImageManager] Created image: 'TaharezLook/StaticTop' (0x3e56bf0) of type: BasicImage
27/04/2016 21:35:04 (Std) 	[ImageManager] Created image: 'TaharezLook/StaticBottom' (0x3e56e00) of type: BasicImage
27/04/2016 21:35:04 (Std) 	[ImageManager] Created image: 'TaharezLook/StaticTopLeft' (0x3e57010) of type: BasicImage
27/04/2016 21:35:04 (Std) 	[ImageManager] Created image: 'TaharezLook/StaticTopRight' (0x3e57220) of type: BasicImage
27/04/2016 21:35:04 (Std) 	[ImageManager] Created image: 'TaharezLook/StaticBottomLeft' (0x3e57430) of type: BasicImage
27/04/2016 21:35:04 (Std) 	[ImageManager] Created image: 'TaharezLook/StaticBottomRight' (0x3e57640) of type: BasicImage
27/04/2016 21:35:04 (Std) 	[ImageManager] Created image: 'TaharezLook/StaticBackdrop' (0x3e57850) of type: BasicImage
27/04/2016 21:35:04 (Std) 	[ImageManager] Created image: 'TaharezLook/ProgressBarLeft' (0x3e57a60) of type: BasicImage
27/04/2016 21:35:04 (Std) 	[ImageManager] Created image: 'TaharezLook/ProgressBarMiddle' (0x3e57c70) of type: BasicImage
27/04/2016 21:35:04 (Std) 	[ImageManager] Created image: 'TaharezLook/ProgressBarRight' (0x3e57e80) of type: BasicImage
27/04/2016 21:35:04 (Std) 	[ImageManager] Created image: 'TaharezLook/ProgressBarDimSegment' (0x3e58090) of type: BasicImage
27/04/2016 21:35:04 (Std) 	[ImageManager] Created image: 'TaharezLook/ProgressBarLitSegment' (0x3e583c0) of type: BasicImage
27/04/2016 21:35:04 (Std) 	[ImageManager] Created image: 'TaharezLook/EditBoxLeft' (0x3e586f0) of type: BasicImage
27/04/2016 21:35:04 (Std) 	[ImageManager] Created image: 'TaharezLook/EditBoxMiddle' (0x3e58900) of type: BasicImage
27/04/2016 21:35:04 (Std) 	[ImageManager] Created image: 'TaharezLook/EditBoxRight' (0x3e58b10) of type: BasicImage
27/04/2016 21:35:04 (Std) 	[ImageManager] Created image: 'TaharezLook/EditBoxCaret' (0x3e58d20) of type: BasicImage
27/04/2016 21:35:04 (Std) 	[ImageManager] Created image: 'TaharezLook/SpinnerUpNormal' (0x3e58f30) of type: BasicImage
27/04/2016 21:35:04 (Std) 	[ImageManager] Created image: 'TaharezLook/SpinnerDownNormal' (0x3e59140) of type: BasicImage
27/04/2016 21:35:04 (Std) 	[ImageManager] Created image: 'TaharezLook/SpinnerUpHover' (0x3e59350) of type: BasicImage
27/04/2016 21:35:04 (Std) 	[ImageManager] Created image: 'TaharezLook/SpinnerDownHover' (0x3e59560) of type: BasicImage
27/04/2016 21:35:04 (Std) 	[ImageManager] Created image: 'TaharezLook/TextSelectionBrush' (0x3e59770) of type: BasicImage
27/04/2016 21:35:04 (Std) 	[ImageManager] Created image: 'TaharezLook/VertScrollTop' (0x3e59980) of type: BasicImage
27/04/2016 21:35:04 (Std) 	[ImageManager] Created image: 'TaharezLook/VertScrollMiddle' (0x3e59b90) of type: BasicImage
27/04/2016 21:35:04 (Std) 	[ImageManager] Created image: 'TaharezLook/VertScrollBottom' (0x3e59da0) of type: BasicImage
27/04/2016 21:35:04 (Std) 	[ImageManager] Created image: 'TaharezLook/VertScrollBarSegment' (0x3e59fb0) of type: BasicImage
27/04/2016 21:35:04 (Std) 	[ImageManager] Created image: 'TaharezLook/VertScrollThumbNormal' (0x3e5a2e0) of type: BasicImage
27/04/2016 21:35:04 (Std) 	[ImageManager] Created image: 'TaharezLook/VertScrollThumbHover' (0x3e5a610) of type: BasicImage
27/04/2016 21:35:04 (Std) 	[ImageManager] Created image: 'TaharezLook/VertScrollUpNormal' (0x3e5a940) of type: BasicImage
27/04/2016 21:35:04 (Std) 	[ImageManager] Created image: 'TaharezLook/VertScrollDownNormal' (0x3e5ab50) of type: BasicImage
27/04/2016 21:35:04 (Std) 	[ImageManager] Created image: 'TaharezLook/VertScrollUpHover' (0x3e5ae80) of type: BasicImage
27/04/2016 21:35:04 (Std) 	[ImageManager] Created image: 'TaharezLook/VertScrollDownHover' (0x3e4ac40) of type: BasicImage
27/04/2016 21:35:04 (Std) 	[ImageManager] Created image: 'TaharezLook/MiniVertScrollBarSegment' (0x3e691d0) of type: BasicImage
27/04/2016 21:35:04 (Std) 	[ImageManager] Created image: 'TaharezLook/MiniVertScrollThumbNormal' (0x3e4d600) of type: BasicImage
27/04/2016 21:35:04 (Std) 	[ImageManager] Created image: 'TaharezLook/MiniVertScrollThumbTopNormal' (0x3e69a20) of type: BasicImage
27/04/2016 21:35:04 (Std) 	[ImageManager] Created image: 'TaharezLook/MiniVertScrollThumbMiddleNormal' (0x3e69e40) of type: BasicImage
27/04/2016 21:35:04 (Std) 	[ImageManager] Created image: 'TaharezLook/MiniVertScrollThumbBottomNormal' (0x3e69890) of type: BasicImage
27/04/2016 21:35:04 (Std) 	[ImageManager] Created image: 'TaharezLook/MiniVertScrollThumbTopHover' (0x3e6a500) of type: BasicImage
27/04/2016 21:35:04 (Std) 	[ImageManager] Created image: 'TaharezLook/MiniVertScrollThumbMiddleHover' (0x3e6a920) of type: BasicImage
27/04/2016 21:35:04 (Std) 	[ImageManager] Created image: 'TaharezLook/MiniVertScrollThumbBottomHover' (0x3e6acb0) of type: BasicImage
27/04/2016 21:35:04 (Std) 	[ImageManager] Created image: 'TaharezLook/MiniVertScrollThumbHover' (0x3e6b040) of type: BasicImage
27/04/2016 21:35:04 (Std) 	[ImageManager] Created image: 'TaharezLook/MiniVertScrollUpNormal' (0x3e6b390) of type: BasicImage
27/04/2016 21:35:04 (Std) 	[ImageManager] Created image: 'TaharezLook/MiniVertScrollDownNormal' (0x3e6b6e0) of type: BasicImage
27/04/2016 21:35:04 (Std) 	[ImageManager] Created image: 'TaharezLook/MiniVertScrollUpHover' (0x3e6ba30) of type: BasicImage
27/04/2016 21:35:04 (Std) 	[ImageManager] Created image: 'TaharezLook/MiniVertScrollDownHover' (0x3e6bd60) of type: BasicImage
27/04/2016 21:35:04 (Std) 	[ImageManager] Created image: 'TaharezLook/VertSliderBody' (0x3e6c0b0) of type: BasicImage
27/04/2016 21:35:04 (Std) 	[ImageManager] Created image: 'TaharezLook/VertSliderThumbNormal' (0x3e6c2c0) of type: BasicImage
27/04/2016 21:35:04 (Std) 	[ImageManager] Created image: 'TaharezLook/VertSliderThumbHover' (0x3e6c5f0) of type: BasicImage
27/04/2016 21:35:04 (Std) 	[ImageManager] Created image: 'TaharezLook/MiniHorzScrollBarSegment' (0x3e6c920) of type: BasicImage
27/04/2016 21:35:04 (Std) 	[ImageManager] Created image: 'TaharezLook/MiniHorzScrollThumbNormal' (0x3e6cc70) of type: BasicImage
27/04/2016 21:35:04 (Std) 	[ImageManager] Created image: 'TaharezLook/MiniHorzScrollThumbLeftNormal' (0x3e6cfc0) of type: BasicImage
27/04/2016 21:35:04 (Std) 	[ImageManager] Created image: 'TaharezLook/MiniHorzScrollThumbMiddleNormal' (0x3e6d3e0) of type: BasicImage
27/04/2016 21:35:04 (Std) 	[ImageManager] Created image: 'TaharezLook/MiniHorzScrollThumbRightNormal' (0x3e6d770) of type: BasicImage
27/04/2016 21:35:04 (Std) 	[ImageManager] Created image: 'TaharezLook/MiniHorzScrollThumbHover' (0x3e6db00) of type: BasicImage
27/04/2016 21:35:04 (Std) 	[ImageManager] Created image: 'TaharezLook/MiniHorzScrollThumbLeftHover' (0x3e6de50) of type: BasicImage
27/04/2016 21:35:04 (Std) 	[ImageManager] Created image: 'TaharezLook/MiniHorzScrollThumbMiddleHover' (0x3e6e1c0) of type: BasicImage
27/04/2016 21:35:04 (Std) 	[ImageManager] Created image: 'TaharezLook/MiniHorzScrollThumbRightHover' (0x3e6e550) of type: BasicImage
27/04/2016 21:35:04 (Std) 	[ImageManager] Created image: 'TaharezLook/MiniHorzScrollLeftNormal' (0x3e6e8c0) of type: BasicImage
27/04/2016 21:35:04 (Std) 	[ImageManager] Created image: 'TaharezLook/MiniHorzScrollRightNormal' (0x3e69040) of type: BasicImage
27/04/2016 21:35:04 (Std) 	[ImageManager] Created image: 'TaharezLook/MiniHorzScrollLeftHover' (0x3d8dc40) of type: BasicImage
27/04/2016 21:35:04 (Std) 	[ImageManager] Created image: 'TaharezLook/MiniHorzScrollRightHover' (0x3d8e030) of type: BasicImage
27/04/2016 21:35:04 (Std) 	[ImageManager] Created image: 'TaharezLook/ListboxLeft' (0x3d8e380) of type: BasicImage
27/04/2016 21:35:04 (Std) 	[ImageManager] Created image: 'TaharezLook/ListboxRight' (0x3d8e590) of type: BasicImage
27/04/2016 21:35:04 (Std) 	[ImageManager] Created image: 'TaharezLook/ListboxTop' (0x3d8e7a0) of type: BasicImage
27/04/2016 21:35:04 (Std) 	[ImageManager] Created image: 'TaharezLook/ListboxBottom' (0x3d8e9b0) of type: BasicImage
27/04/2016 21:35:04 (Std) 	[ImageManager] Created image: 'TaharezLook/ListboxTopLeft' (0x3d8ebc0) of type: BasicImage
27/04/2016 21:35:04 (Std) 	[ImageManager] Created image: 'TaharezLook/ListboxTopRight' (0x3d8edd0) of type: BasicImage
27/04/2016 21:35:04 (Std) 	[ImageManager] Created image: 'TaharezLook/ListboxBottomLeft' (0x3d8efe0) of type: BasicImage
27/04/2016 21:35:04 (Std) 	[ImageManager] Created image: 'TaharezLook/ListboxBottomRight' (0x3d8f1f0) of type: BasicImage
27/04/2016 21:35:04 (Std) 	[ImageManager] Created image: 'TaharezLook/ListboxBackdrop' (0x3d8f400) of type: BasicImage
27/04/2016 21:35:04 (Std) 	[ImageManager] Created image: 'TaharezLook/ListboxSelectionBrush' (0x3d8f610) of type: BasicImage
27/04/2016 21:35:04 (Std) 	[ImageManager] Created image: 'TaharezLook/ComboboxEditLeft' (0x3d8f940) of type: BasicImage
27/04/2016 21:35:04 (Std) 	[ImageManager] Created image: 'TaharezLook/ComboboxEditMiddle' (0x3d8fb50) of type: BasicImage
27/04/2016 21:35:04 (Std) 	[ImageManager] Created image: 'TaharezLook/ComboboxListButtonNormal' (0x3d8fd60) of type: BasicImage
27/04/2016 21:35:04 (Std) 	[ImageManager] Created image: 'TaharezLook/ComboboxListButtonHover' (0x3d900b0) of type: BasicImage
27/04/2016 21:35:04 (Std) 	[ImageManager] Created image: 'TaharezLook/ComboboxListLeft' (0x3d90400) of type: BasicImage
27/04/2016 21:35:04 (Std) 	[ImageManager] Created image: 'TaharezLook/ComboboxListRight' (0x3d90610) of type: BasicImage
27/04/2016 21:35:04 (Std) 	[ImageManager] Created image: 'TaharezLook/ComboboxListTop' (0x3d90820) of type: BasicImage
27/04/2016 21:35:04 (Std) 	[ImageManager] Created image: 'TaharezLook/ComboboxListBottom' (0x3d90a30) of type: BasicImage
27/04/2016 21:35:04 (Std) 	[ImageManager] Created image: 'TaharezLook/ComboboxListTopLeft' (0x3d90c40) of type: BasicImage
27/04/2016 21:35:04 (Std) 	[ImageManager] Created image: 'TaharezLook/ComboboxListTopRight' (0x3d90e50) of type: BasicImage
27/04/2016 21:35:04 (Std) 	[ImageManager] Created image: 'TaharezLook/ComboboxListBottomLeft' (0x3d91180) of type: BasicImage
27/04/2016 21:35:04 (Std) 	[ImageManager] Created image: 'TaharezLook/ComboboxListBottomRight' (0x3d914d0) of type: BasicImage
27/04/2016 21:35:04 (Std) 	[ImageManager] Created image: 'TaharezLook/ComboboxListBackdrop' (0x3d91820) of type: BasicImage
27/04/2016 21:35:04 (Std) 	[ImageManager] Created image: 'TaharezLook/ComboboxSelectionBrush' (0x3d91b50) of type: BasicImage
27/04/2016 21:35:04 (Std) 	[ImageManager] Created image: 'TaharezLook/ComboboxDividerLeft' (0x3d91ea0) of type: BasicImage
27/04/2016 21:35:04 (Std) 	[ImageManager] Created image: 'TaharezLook/ComboboxDividerMiddle' (0x3d920b0) of type: BasicImage
27/04/2016 21:35:04 (Std) 	[ImageManager] Created image: 'TaharezLook/ComboboxDividerRight' (0x3d923e0) of type: BasicImage
27/04/2016 21:35:04 (Std) 	[ImageManager] Created image: 'TaharezLook/HeaderBarBackdropNormal' (0x3d92710) of type: BasicImage
27/04/2016 21:35:04 (Std) 	[ImageManager] Created image: 'TaharezLook/HeaderBarBackdropHover' (0x3d92a60) of type: BasicImage
27/04/2016 21:35:04 (Std) 	[ImageManager] Created image: 'TaharezLook/HeaderBarSplitterNormal' (0x3d92db0) of type: BasicImage
27/04/2016 21:35:04 (Std) 	[ImageManager] Created image: 'TaharezLook/HeaderBarSplitterHover' (0x3d93100) of type: BasicImage
27/04/2016 21:35:04 (Std) 	[ImageManager] Created image: 'TaharezLook/HeaderBarSortUp' (0x3d93450) of type: BasicImage
27/04/2016 21:35:04 (Std) 	[ImageManager] Created image: 'TaharezLook/HeaderBarSortDown' (0x3d93660) of type: BasicImage
27/04/2016 21:35:04 (Std) 	[ImageManager] Created image: 'TaharezLook/MultiListLeft' (0x3d93870) of type: BasicImage
27/04/2016 21:35:04 (Std) 	[ImageManager] Created image: 'TaharezLook/MultiListRight' (0x3d93a80) of type: BasicImage
27/04/2016 21:35:04 (Std) 	[ImageManager] Created image: 'TaharezLook/MultiListTop' (0x3d93c90) of type: BasicImage
27/04/2016 21:35:04 (Std) 	[ImageManager] Created image: 'TaharezLook/MultiListBottom' (0x3d93ea0) of type: BasicImage
27/04/2016 21:35:04 (Std) 	[ImageManager] Created image: 'TaharezLook/MultiListTopLeft' (0x3d940b0) of type: BasicImage
27/04/2016 21:35:04 (Std) 	[ImageManager] Created image: 'TaharezLook/MultiListTopRight' (0x3d942c0) of type: BasicImage
27/04/2016 21:35:04 (Std) 	[ImageManager] Created image: 'TaharezLook/MultiListBottomLeft' (0x3d944d0) of type: BasicImage
27/04/2016 21:35:04 (Std) 	[ImageManager] Created image: 'TaharezLook/MultiListBottomRight' (0x3d946e0) of type: BasicImage
27/04/2016 21:35:04 (Std) 	[ImageManager] Created image: 'TaharezLook/MultiListBackdrop' (0x3d94a10) of type: BasicImage
27/04/2016 21:35:04 (Std) 	[ImageManager] Created image: 'TaharezLook/MultiListSelectionBrush' (0x3d94c20) of type: BasicImage
27/04/2016 21:35:04 (Std) 	[ImageManager] Created image: 'TaharezLook/AltProgressLeft' (0x3d94f70) of type: BasicImage
27/04/2016 21:35:04 (Std) 	[ImageManager] Created image: 'TaharezLook/AltProgressMiddle' (0x3d95180) of type: BasicImage
27/04/2016 21:35:04 (Std) 	[ImageManager] Created image: 'TaharezLook/AltProgressRight' (0x3d95390) of type: BasicImage
27/04/2016 21:35:04 (Std) 	[ImageManager] Created image: 'TaharezLook/AltProgressQuarter' (0x3d955a0) of type: BasicImage
27/04/2016 21:35:04 (Std) 	[ImageManager] Created image: 'TaharezLook/AltProgressHalf' (0x3d957b0) of type: BasicImage
27/04/2016 21:35:04 (Std) 	[ImageManager] Created image: 'TaharezLook/AltProgressLight1' (0x3d959c0) of type: BasicImage
27/04/2016 21:35:04 (Std) 	[ImageManager] Created image: 'TaharezLook/AltProgressLight2' (0x3d95bd0) of type: BasicImage
27/04/2016 21:35:04 (Std) 	[ImageManager] Created image: 'TaharezLook/AltProgressLight3' (0x3d95de0) of type: BasicImage
27/04/2016 21:35:04 (Std) 	[ImageManager] Created image: 'TaharezLook/AltProgressLight4' (0x3d95ff0) of type: BasicImage
27/04/2016 21:35:04 (Std) 	[ImageManager] Created image: 'TaharezLook/AltProgressLight5' (0x3d96200) of type: BasicImage
27/04/2016 21:35:04 (Std) 	[ImageManager] Created image: 'TaharezLook/AltProgressLight6' (0x3d96410) of type: BasicImage
27/04/2016 21:35:04 (Std) 	[ImageManager] Created image: 'TaharezLook/AltProgressLight7' (0x3d96620) of type: BasicImage
27/04/2016 21:35:04 (Std) 	[ImageManager] Created image: 'TaharezLook/AltProgressLight8' (0x3d96830) of type: BasicImage
27/04/2016 21:35:04 (Std) 	[ImageManager] Created image: 'TaharezLook/AltProgressLight9' (0x3d96a40) of type: BasicImage
27/04/2016 21:35:04 (Std) 	[ImageManager] Created image: 'TaharezLook/AltProgressLight10' (0x3d96c50) of type: BasicImage
27/04/2016 21:35:04 (Std) 	[ImageManager] Created image: 'TaharezLook/CloseButtonNormal' (0x3d96e60) of type: BasicImage
27/04/2016 21:35:04 (Std) 	[ImageManager] Created image: 'TaharezLook/CloseButtonHover' (0x3d97070) of type: BasicImage
27/04/2016 21:35:04 (Std) 	[ImageManager] Created image: 'TaharezLook/CloseButtonPressed' (0x3d97280) of type: BasicImage
27/04/2016 21:35:04 (Std) 	[ImageManager] Created image: 'TaharezLook/NewCloseButtonNormal' (0x3d97490) of type: BasicImage
27/04/2016 21:35:04 (Std) 	[ImageManager] Created image: 'TaharezLook/NewCloseButtonHover' (0x3d977c0) of type: BasicImage
27/04/2016 21:35:04 (Std) 	[ImageManager] Created image: 'TaharezLook/NewCloseButtonPressed' (0x3d979d0) of type: BasicImage
27/04/2016 21:35:04 (Std) 	[ImageManager] Created image: 'TaharezLook/MultiLineEditboxLeft' (0x3d97d00) of type: BasicImage
27/04/2016 21:35:04 (Std) 	[ImageManager] Created image: 'TaharezLook/MultiLineEditboxRight' (0x3d98030) of type: BasicImage
27/04/2016 21:35:04 (Std) 	[ImageManager] Created image: 'TaharezLook/MultiLineEditboxTop' (0x3d98360) of type: BasicImage
27/04/2016 21:35:04 (Std) 	[ImageManager] Created image: 'TaharezLook/MultiLineEditboxBottom' (0x3d98570) of type: BasicImage
27/04/2016 21:35:04 (Std) 	[ImageManager] Created image: 'TaharezLook/MultiLineEditboxTopLeft' (0x3d988c0) of type: BasicImage
27/04/2016 21:35:04 (Std) 	[ImageManager] Created image: 'TaharezLook/MultiLineEditboxTopRight' (0x3d98c10) of type: BasicImage
27/04/2016 21:35:04 (Std) 	[ImageManager] Created image: 'TaharezLook/MultiLineEditboxBottomLeft' (0x3d98f60) of type: BasicImage
27/04/2016 21:35:04 (Std) 	[ImageManager] Created image: 'TaharezLook/MultiLineEditboxBottomRight' (0x3d99380) of type: BasicImage
27/04/2016 21:35:04 (Std) 	[ImageManager] Created image: 'TaharezLook/MultiLineEditboxBackdrop' (0x3d996f0) of type: BasicImage
27/04/2016 21:35:04 (Std) 	[ImageManager] Created image: 'TaharezLook/MultiLineEditboxSelectionBrush' (0x3d99a40) of type: BasicImage
27/04/2016 21:35:04 (Std) 	[ImageManager] Created image: 'TaharezLook/MouseTarget' (0x3d9a410) of type: BasicImage
27/04/2016 21:35:04 (Std) 	[ImageManager] Created image: 'TaharezLook/MouseArrow' (0x3d99dd0) of type: BasicImage
27/04/2016 21:35:04 (Std) 	[ImageManager] Created image: 'TaharezLook/MouseMoveCursor' (0x3d9a940) of type: BasicImage
27/04/2016 21:35:04 (Std) 	[ImageManager] Created image: 'TaharezLook/MouseNoSoCursor' (0x3d9ab50) of type: BasicImage
27/04/2016 21:35:04 (Std) 	[ImageManager] Created image: 'TaharezLook/MouseEsWeCursor' (0x3d9ad60) of type: BasicImage
27/04/2016 21:35:04 (Std) 	[ImageManager] Created image: 'TaharezLook/MouseNeSwCursor' (0x3d9af70) of type: BasicImage
27/04/2016 21:35:04 (Std) 	[ImageManager] Created image: 'TaharezLook/MouseNwSeCursor' (0x3d9b180) of type: BasicImage
27/04/2016 21:35:04 (Std) 	[ImageManager] Created image: 'TaharezLook/MouseTextBar' (0x3d9b390) of type: BasicImage
27/04/2016 21:35:04 (Std) 	[ImageManager] Created image: 'TaharezLook/TabHorizontalFiller' (0x3d9a620) of type: BasicImage
27/04/2016 21:35:04 (Std) 	[ImageManager] Created image: 'TaharezLook/TabContentPaneUpperLeft' (0x3d99fe0) of type: BasicImage
27/04/2016 21:35:04 (Std) 	[ImageManager] Created image: 'TaharezLook/TabContentPaneUpper' (0x3d9b5a0) of type: BasicImage
27/04/2016 21:35:04 (Std) 	[ImageManager] Created image: 'TaharezLook/TabContentPaneUpperRight' (0x3d9b7b0) of type: BasicImage
27/04/2016 21:35:04 (Std) 	[ImageManager] Created image: 'TaharezLook/TabContentPaneLeft' (0x3d9bb00) of type: BasicImage
27/04/2016 21:35:04 (Std) 	[ImageManager] Created image: 'TaharezLook/TabContentPaneRight' (0x3d9bd10) of type: BasicImage
27/04/2016 21:35:04 (Std) 	[ImageManager] Created image: 'TaharezLook/TabContentPaneLower' (0x3d9bf20) of type: BasicImage
27/04/2016 21:35:04 (Std) 	[ImageManager] Created image: 'TaharezLook/TabContentPaneLowerLeft' (0x3d9c130) of type: BasicImage
27/04/2016 21:35:04 (Std) 	[ImageManager] Created image: 'TaharezLook/TabContentPaneLowerRight' (0x3d9c480) of type: BasicImage
27/04/2016 21:35:04 (Std) 	[ImageManager] Created image: 'TaharezLook/TabContentPaneMiddle' (0x3d9c7d0) of type: BasicImage
27/04/2016 21:35:04 (Std) 	[ImageManager] Created image: 'TaharezLook/TabButtonScrollLeftNormal' (0x3d9cb00) of type: BasicImage
27/04/2016 21:35:04 (Std) 	[ImageManager] Created image: 'TaharezLook/TabButtonScrollRightNormal' (0x3d9ce50) of type: BasicImage
27/04/2016 21:35:04 (Std) 	[ImageManager] Created image: 'TaharezLook/TabButtonScrollLeftHover' (0x3d9d1c0) of type: BasicImage
27/04/2016 21:35:04 (Std) 	[ImageManager] Created image: 'TaharezLook/TabButtonScrollRightHover' (0x3d9d510) of type: BasicImage
27/04/2016 21:35:04 (Std) 	[ImageManager] Created image: 'TaharezLook/TabButtonLeftNormal' (0x3d9d860) of type: BasicImage
27/04/2016 21:35:04 (Std) 	[ImageManager] Created image: 'TaharezLook/TabButtonRightNormal' (0x3d9da70) of type: BasicImage
27/04/2016 21:35:04 (Std) 	[ImageManager] Created image: 'TaharezLook/TabButtonUpperNormal' (0x3d9dda0) of type: BasicImage
27/04/2016 21:35:04 (Std) 	[ImageManager] Created image: 'TaharezLook/TabButtonLowerNormal' (0x3d9e0d0) of type: BasicImage
27/04/2016 21:35:04 (Std) 	[ImageManager] Created image: 'TaharezLook/TabButtonUpperLeftNormal' (0x3d9e400) of type: BasicImage
27/04/2016 21:35:04 (Std) 	[ImageManager] Created image: 'TaharezLook/TabButtonUpperLeft2Normal' (0x3d9e750) of type: BasicImage
27/04/2016 21:35:04 (Std) 	[ImageManager] Created image: 'TaharezLook/TabButtonUpperRightNormal' (0x3d9eaa0) of type: BasicImage
27/04/2016 21:35:04 (Std) 	[ImageManager] Created image: 'TaharezLook/TabButtonLowerLeftNormal' (0x3d9edf0) of type: BasicImage
27/04/2016 21:35:04 (Std) 	[ImageManager] Created image: 'TaharezLook/TabButtonLowerRightNormal' (0x3d9f140) of type: BasicImage
27/04/2016 21:35:04 (Std) 	[ImageManager] Created image: 'TaharezLook/TabButtonLowerRight2Normal' (0x3d9f490) of type: BasicImage
27/04/2016 21:35:04 (Std) 	[ImageManager] Created image: 'TaharezLook/TabButtonMiddleNormal' (0x3d9f800) of type: BasicImage
27/04/2016 21:35:04 (Std) 	[ImageManager] Created image: 'TaharezLook/TabButtonLeftSelected' (0x3d9fb30) of type: BasicImage
27/04/2016 21:35:04 (Std) 	[ImageManager] Created image: 'TaharezLook/TabButtonRightSelected' (0x3d9fe60) of type: BasicImage
27/04/2016 21:35:04 (Std) 	[ImageManager] Created image: 'TaharezLook/TabButtonUpperSelected' (0x3da01b0) of type: BasicImage
27/04/2016 21:35:04 (Std) 	[ImageManager] Created image: 'TaharezLook/TabButtonLowerSelected' (0x3da0500) of type: BasicImage
27/04/2016 21:35:04 (Std) 	[ImageManager] Created image: 'TaharezLook/TabButtonUpperLeftSelected' (0x3da0850) of type: BasicImage
27/04/2016 21:35:04 (Std) 	[ImageManager] Created image: 'TaharezLook/TabButtonUpperRightSelected' (0x3da0bc0) of type: BasicImage
27/04/2016 21:35:04 (Std) 	[ImageManager] Created image: 'TaharezLook/TabButtonLowerLeftSelected' (0x3da0f30) of type: BasicImage
27/04/2016 21:35:04 (Std) 	[ImageManager] Created image: 'TaharezLook/TabButtonLowerRightSelected' (0x3da12a0) of type: BasicImage
27/04/2016 21:35:04 (Std) 	[ImageManager] Created image: 'TaharezLook/TabButtonMiddleSelected' (0x3da1610) of type: BasicImage
27/04/2016 21:35:04 (Std) 	[ImageManager] Created image: 'TaharezLook/TooltipTopLeft' (0x3da1960) of type: BasicImage
27/04/2016 21:35:04 (Std) 	[ImageManager] Created image: 'TaharezLook/TooltipTopRight' (0x3da1b70) of type: BasicImage
27/04/2016 21:35:04 (Std) 	[ImageManager] Created image: 'TaharezLook/TooltipBottomLeft' (0x3da1d80) of type: BasicImage
27/04/2016 21:35:04 (Std) 	[ImageManager] Created image: 'TaharezLook/TooltipBottomRight' (0x3da1f90) of type: BasicImage
27/04/2016 21:35:04 (Std) 	[ImageManager] Created image: 'TaharezLook/TooltipLeftEdge' (0x3da21a0) of type: BasicImage
27/04/2016 21:35:04 (Std) 	[ImageManager] Created image: 'TaharezLook/TooltipRightEdge' (0x3da23b0) of type: BasicImage
27/04/2016 21:35:04 (Std) 	[ImageManager] Created image: 'TaharezLook/TooltipTopEdge' (0x3da25c0) of type: BasicImage
27/04/2016 21:35:04 (Std) 	[ImageManager] Created image: 'TaharezLook/TooltipBottomEdge' (0x3da27d0) of type: BasicImage
27/04/2016 21:35:04 (Std) 	[ImageManager] Created image: 'TaharezLook/TooltipMiddle' (0x3da29e0) of type: BasicImage
27/04/2016 21:35:04 (Std) 	[ImageManager] Created image: 'TaharezLook/MenuTopLeft' (0x3da2bf0) of type: BasicImage
27/04/2016 21:35:04 (Std) 	[ImageManager] Created image: 'TaharezLook/MenuTopRight' (0x3da2e00) of type: BasicImage
27/04/2016 21:35:04 (Std) 	[ImageManager] Created image: 'TaharezLook/MenuBottomLeft' (0x3da3010) of type: BasicImage
27/04/2016 21:35:04 (Std) 	[ImageManager] Created image: 'TaharezLook/MenuBottomRight' (0x3da3220) of type: BasicImage
27/04/2016 21:35:04 (Std) 	[ImageManager] Created image: 'TaharezLook/MenuLeft' (0x3da3430) of type: BasicImage
27/04/2016 21:35:04 (Std) 	[ImageManager] Created image: 'TaharezLook/MenuRight' (0x3da3640) of type: BasicImage
27/04/2016 21:35:04 (Std) 	[ImageManager] Created image: 'TaharezLook/MenuTop' (0x3da3850) of type: BasicImage
27/04/2016 21:35:04 (Std) 	[ImageManager] Created image: 'TaharezLook/MenuBottom' (0x3da3a60) of type: BasicImage
27/04/2016 21:35:04 (Std) 	[ImageManager] Created image: 'TaharezLook/MenuMiddle' (0x3da3c70) of type: BasicImage
27/04/2016 21:35:04 (Std) 	[ImageManager] Created image: 'TaharezLook/PopupMenuFrameTopLeft' (0x3da3e80) of type: BasicImage
27/04/2016 21:35:04 (Std) 	[ImageManager] Created image: 'TaharezLook/PopupMenuFrameTopRight' (0x3da41b0) of type: BasicImage
27/04/2016 21:35:04 (Std) 	[ImageManager] Created image: 'TaharezLook/PopupMenuFrameBottomLeft' (0x3da4500) of type: BasicImage
27/04/2016 21:35:04 (Std) 	[ImageManager] Created image: 'TaharezLook/PopupMenuFrameBottomRight' (0x3da4850) of type: BasicImage
27/04/2016 21:35:04 (Std) 	[ImageManager] Created image: 'TaharezLook/PopupMenuFrameLeft' (0x3da4ba0) of type: BasicImage
27/04/2016 21:35:04 (Std) 	[ImageManager] Created image: 'TaharezLook/PopupMenuFrameRight' (0x3da4db0) of type: BasicImage
27/04/2016 21:35:04 (Std) 	[ImageManager] Created image: 'TaharezLook/PopupMenuFrameTop' (0x3da4fc0) of type: BasicImage
27/04/2016 21:35:04 (Std) 	[ImageManager] Created image: 'TaharezLook/PopupMenuFrameBottom' (0x3da51d0) of type: BasicImage
27/04/2016 21:35:04 (Std) 	[ImageManager] Created image: 'TaharezLook/PopupMenuMiddle' (0x3da5500) of type: BasicImage
27/04/2016 21:35:04 (Std) 	[ImageManager] Created image: 'TaharezLook/PopupMenuArrowRight' (0x3da5710) of type: BasicImage
27/04/2016 21:35:04 (Std) 	[ImageManager] Created image: 'TaharezLook/PopupMenuArrowLeft' (0x3da5920) of type: BasicImage
27/04/2016 21:35:04 (Std) 	[ImageManager] Created image: 'TaharezLook/TreeListClosed' (0x3da5b30) of type: BasicImage
27/04/2016 21:35:04 (Std) 	[ImageManager] Created image: 'TaharezLook/TreeListOpened' (0x3da5d40) of type: BasicImage
27/04/2016 21:35:04 (Std) 	---- Returning existing instance of Font named 'DejaVuSans-12'.
27/04/2016 21:35:04 (Std) 	===== Falagard 'root' element: look and feel parsing begins =====
27/04/2016 21:35:04 (Std) 	===== Look and feel parsing completed =====
27/04/2016 21:35:04 (Std) 	No window renderer factories specified for module 'CEGUICoreWindowRendererSet' - adding all available factories...
27/04/2016 21:35:04 (Std) 	Creating falagard mapping for type 'TaharezLook/Label' using base type 'DefaultWindow', window renderer 'Core/Default' Look'N'Feel 'TaharezLook/Label' and RenderEffect ''. (0x7ffd46c44c30)
27/04/2016 21:35:04 (Std) 	Creating falagard mapping for type 'TaharezLook/Button' using base type 'CEGUI/PushButton', window renderer 'Core/Button' Look'N'Feel 'TaharezLook/Button' and RenderEffect ''. (0x7ffd46c44c30)
27/04/2016 21:35:04 (Std) 	Creating falagard mapping for type 'TaharezLook/Checkbox' using base type 'CEGUI/ToggleButton', window renderer 'Core/ToggleButton' Look'N'Feel 'TaharezLook/Checkbox' and RenderEffect ''. (0x7ffd46c44c30)
27/04/2016 21:35:04 (Std) 	Creating falagard mapping for type 'TaharezLook/ImageButton' using base type 'CEGUI/PushButton', window renderer 'Core/Button' Look'N'Feel 'TaharezLook/ImageButton' and RenderEffect ''. (0x7ffd46c44c30)
27/04/2016 21:35:04 (Std) 	Creating falagard mapping for type 'TaharezLook/RadioButton' using base type 'CEGUI/RadioButton', window renderer 'Core/ToggleButton' Look'N'Feel 'TaharezLook/RadioButton' and RenderEffect ''. (0x7ffd46c44c30)
27/04/2016 21:35:04 (Std) 	Creating falagard mapping for type 'TaharezLook/FrameWindow' using base type 'CEGUI/FrameWindow', window renderer 'Core/FrameWindow' Look'N'Feel 'TaharezLook/FrameWindow' and RenderEffect ''. (0x7ffd46c44c30)
27/04/2016 21:35:04 (Std) 	Creating falagard mapping for type 'TaharezLook/Titlebar' using base type 'CEGUI/Titlebar', window renderer 'Core/Titlebar' Look'N'Feel 'TaharezLook/Titlebar' and RenderEffect ''. (0x7ffd46c44c30)
27/04/2016 21:35:04 (Std) 	Creating falagard mapping for type 'TaharezLook/Editbox' using base type 'CEGUI/Editbox', window renderer 'Core/Editbox' Look'N'Feel 'TaharezLook/Editbox' and RenderEffect ''. (0x7ffd46c44c30)
27/04/2016 21:35:04 (Std) 	Creating falagard mapping for type 'TaharezLook/MultiLineEditbox' using base type 'CEGUI/MultiLineEditbox', window renderer 'Core/MultiLineEditbox' Look'N'Feel 'TaharezLook/MultiLineEditbox' and RenderEffect ''. (0x7ffd46c44c30)
27/04/2016 21:35:04 (Std) 	Creating falagard mapping for type 'TaharezLook/Menubar' using base type 'CEGUI/Menubar', window renderer 'Core/Menubar' Look'N'Feel 'TaharezLook/Menubar' and RenderEffect ''. (0x7ffd46c44c30)
27/04/2016 21:35:04 (Std) 	Creating falagard mapping for type 'TaharezLook/PopupMenu' using base type 'CEGUI/PopupMenu', window renderer 'Core/PopupMenu' Look'N'Feel 'TaharezLook/PopupMenu' and RenderEffect ''. (0x7ffd46c44c30)
27/04/2016 21:35:04 (Std) 	Creating falagard mapping for type 'TaharezLook/MenuItem' using base type 'CEGUI/MenuItem', window renderer 'Core/MenuItem' Look'N'Feel 'TaharezLook/MenuItem' and RenderEffect ''. (0x7ffd46c44c30)
27/04/2016 21:35:04 (Std) 	Creating falagard mapping for type 'TaharezLook/AlternateProgressBar' using base type 'CEGUI/ProgressBar', window renderer 'Core/ProgressBar' Look'N'Feel 'TaharezLook/AltProgressBar' and RenderEffect ''. (0x7ffd46c44c30)
27/04/2016 21:35:04 (Std) 	Creating falagard mapping for type 'TaharezLook/ProgressBar' using base type 'CEGUI/ProgressBar', window renderer 'Core/ProgressBar' Look'N'Feel 'TaharezLook/ProgressBar' and RenderEffect ''. (0x7ffd46c44c30)
27/04/2016 21:35:04 (Std) 	Creating falagard mapping for type 'TaharezLook/VUMeter' using base type 'CEGUI/ProgressBar', window renderer 'Core/ProgressBar' Look'N'Feel 'TaharezLook/VUMeter' and RenderEffect ''. (0x7ffd46c44c30)
27/04/2016 21:35:04 (Std) 	Creating falagard mapping for type 'TaharezLook/VerticalScrollbar' using base type 'CEGUI/Scrollbar', window renderer 'Core/Scrollbar' Look'N'Feel 'TaharezLook/VerticalScrollbar' and RenderEffect ''. (0x7ffd46c44c30)
27/04/2016 21:35:04 (Std) 	Creating falagard mapping for type 'TaharezLook/HorizontalScrollbar' using base type 'CEGUI/Scrollbar', window renderer 'Core/Scrollbar' Look'N'Feel 'TaharezLook/HorizontalScrollbar' and RenderEffect ''. (0x7ffd46c44c30)
27/04/2016 21:35:04 (Std) 	Creating falagard mapping for type 'TaharezLook/VerticalScrollbarThumb' using base type 'CEGUI/Thumb', window renderer 'Core/Button' Look'N'Feel 'TaharezLook/VerticalScrollbarThumb' and RenderEffect ''. (0x7ffd46c44c30)
27/04/2016 21:35:04 (Std) 	Creating falagard mapping for type 'TaharezLook/HorizontalScrollbarThumb' using base type 'CEGUI/Thumb', window renderer 'Core/Button' Look'N'Feel 'TaharezLook/HorizontalScrollbarThumb' and RenderEffect ''. (0x7ffd46c44c30)
27/04/2016 21:35:04 (Std) 	Creating falagard mapping for type 'TaharezLook/LargeVerticalScrollbar' using base type 'CEGUI/Scrollbar', window renderer 'Core/Scrollbar' Look'N'Feel 'TaharezLook/LargeVerticalScrollbar' and RenderEffect ''. (0x7ffd46c44c30)
27/04/2016 21:35:04 (Std) 	Creating falagard mapping for type 'TaharezLook/LargeVerticalScrollbarThumb' using base type 'CEGUI/Thumb', window renderer 'Core/Button' Look'N'Feel 'TaharezLook/LargeVerticalScrollbarThumb' and RenderEffect ''. (0x7ffd46c44c30)
27/04/2016 21:35:04 (Std) 	Creating falagard mapping for type 'TaharezLook/TabButton' using base type 'CEGUI/TabButton', window renderer 'Core/TabButton' Look'N'Feel 'TaharezLook/TabButton' and RenderEffect ''. (0x7ffd46c44c30)
27/04/2016 21:35:04 (Std) 	Creating falagard mapping for type 'TaharezLook/TabControl' using base type 'CEGUI/TabControl', window renderer 'Core/TabControl' Look'N'Feel 'TaharezLook/TabControl' and RenderEffect ''. (0x7ffd46c44c30)
27/04/2016 21:35:04 (Std) 	Creating falagard mapping for type 'TaharezLook/TabContentPane' using base type 'DefaultWindow', window renderer 'Core/Default' Look'N'Feel 'TaharezLook/TabContentPane' and RenderEffect ''. (0x7ffd46c44c30)
27/04/2016 21:35:04 (Std) 	Creating falagard mapping for type 'TaharezLook/TabButtonPane' using base type 'DefaultWindow', window renderer 'Core/Default' Look'N'Feel 'TaharezLook/TabButtonPane' and RenderEffect ''. (0x7ffd46c44c30)
27/04/2016 21:35:04 (Std) 	Creating falagard mapping for type 'TaharezLook/ComboDropList' using base type 'CEGUI/ComboDropList', window renderer 'Core/Listbox' Look'N'Feel 'TaharezLook/ComboDropList' and RenderEffect ''. (0x7ffd46c44c30)
27/04/2016 21:35:04 (Std) 	Creating falagard mapping for type 'TaharezLook/ComboEditbox' using base type 'CEGUI/Editbox', window renderer 'Core/Editbox' Look'N'Feel 'TaharezLook/ComboEditbox' and RenderEffect ''. (0x7ffd46c44c30)
27/04/2016 21:35:04 (Std) 	Creating falagard mapping for type 'TaharezLook/Combobox' using base type 'CEGUI/Combobox', window renderer 'Core/Default' Look'N'Feel 'TaharezLook/Combobox' and RenderEffect ''. (0x7ffd46c44c30)
27/04/2016 21:35:04 (Std) 	Creating falagard mapping for type 'TaharezLook/Listbox' using base type 'CEGUI/Listbox', window renderer 'Core/Listbox' Look'N'Feel 'TaharezLook/Listbox' and RenderEffect ''. (0x7ffd46c44c30)
27/04/2016 21:35:04 (Std) 	Creating falagard mapping for type 'TaharezLook/ListHeader' using base type 'CEGUI/ListHeader', window renderer 'Core/ListHeader' Look'N'Feel 'TaharezLook/ListHeader' and RenderEffect ''. (0x7ffd46c44c30)
27/04/2016 21:35:04 (Std) 	Creating falagard mapping for type 'TaharezLook/ListHeaderSegment' using base type 'CEGUI/ListHeaderSegment', window renderer 'Core/ListHeaderSegment' Look'N'Feel 'TaharezLook/ListHeaderSegment' and RenderEffect ''. (0x7ffd46c44c30)
27/04/2016 21:35:04 (Std) 	Creating falagard mapping for type 'TaharezLook/MultiColumnList' using base type 'CEGUI/MultiColumnList', window renderer 'Core/MultiColumnList' Look'N'Feel 'TaharezLook/MultiColumnList' and RenderEffect ''. (0x7ffd46c44c30)
27/04/2016 21:35:04 (Std) 	Creating falagard mapping for type 'TaharezLook/Slider' using base type 'CEGUI/Slider', window renderer 'Core/Slider' Look'N'Feel 'TaharezLook/Slider' and RenderEffect ''. (0x7ffd46c44c30)
27/04/2016 21:35:04 (Std) 	Creating falagard mapping for type 'TaharezLook/SliderThumb' using base type 'CEGUI/Thumb', window renderer 'Core/Button' Look'N'Feel 'TaharezLook/SliderThumb' and RenderEffect ''. (0x7ffd46c44c30)
27/04/2016 21:35:04 (Std) 	Creating falagard mapping for type 'TaharezLook/ScrollablePane' using base type 'CEGUI/ScrollablePane', window renderer 'Core/ScrollablePane' Look'N'Feel 'TaharezLook/ScrollablePane' and RenderEffect ''. (0x7ffd46c44c30)
27/04/2016 21:35:04 (Std) 	Creating falagard mapping for type 'TaharezLook/Spinner' using base type 'CEGUI/Spinner', window renderer 'Core/Default' Look'N'Feel 'TaharezLook/Spinner' and RenderEffect ''. (0x7ffd46c44c30)
27/04/2016 21:35:04 (Std) 	Creating falagard mapping for type 'TaharezLook/Tooltip' using base type 'CEGUI/Tooltip', window renderer 'Core/Tooltip' Look'N'Feel 'TaharezLook/Tooltip' and RenderEffect ''. (0x7ffd46c44c30)
27/04/2016 21:35:04 (Std) 	Creating falagard mapping for type 'TaharezLook/StaticImage' using base type 'DefaultWindow', window renderer 'Core/StaticImage' Look'N'Feel 'TaharezLook/StaticImage' and RenderEffect ''. (0x7ffd46c44c30)
27/04/2016 21:35:04 (Std) 	Creating falagard mapping for type 'TaharezLook/StaticText' using base type 'DefaultWindow', window renderer 'Core/StaticText' Look'N'Feel 'TaharezLook/StaticText' and RenderEffect ''. (0x7ffd46c44c30)
27/04/2016 21:35:04 (Std) 	Creating falagard mapping for type 'TaharezLook/ItemListbox' using base type 'CEGUI/ItemListbox', window renderer 'Core/ItemListbox' Look'N'Feel 'TaharezLook/ItemListbox' and RenderEffect ''. (0x7ffd46c44c30)
27/04/2016 21:35:04 (Std) 	Creating falagard mapping for type 'TaharezLook/ListboxItem' using base type 'CEGUI/ItemEntry', window renderer 'Core/ItemEntry' Look'N'Feel 'TaharezLook/ListboxItem' and RenderEffect ''. (0x7ffd46c44c30)
27/04/2016 21:35:04 (Std) 	Creating falagard mapping for type 'TaharezLook/GroupBox' using base type 'DefaultWindow', window renderer 'Core/Default' Look'N'Feel 'TaharezLook/GroupBox' and RenderEffect ''. (0x7ffd46c44c30)
27/04/2016 21:35:04 (Std) 	Creating falagard mapping for type 'TaharezLook/Tree' using base type 'CEGUI/Tree', window renderer 'Core/Tree' Look'N'Feel 'TaharezLook/Tree' and RenderEffect ''. (0x7ffd46c44c30)
27/04/2016 21:35:04 (Std) 	---- Returning existing instance of Font named 'DejaVuSans-12'.
27/04/2016 21:35:04 (Std) 	[OgreRenderer] Created texture: BackgroundImage
27/04/2016 21:35:04 (Std) 	[ImageManager] Created image: 'BackgroundImage' (0x4046dc0) of type: BasicImage
27/04/2016 21:35:04 (Std) 	[OgreRenderer] Created texture: BackgroundImageRecords
27/04/2016 21:35:04 (Std) 	[ImageManager] Created image: 'BackgroundImageRecords' (0x4047d70) of type: BasicImage
27/04/2016 21:35:04 (Std) 	[OgreRenderer] Created texture: BackgroundImageCredits
27/04/2016 21:35:04 (Std) 	[ImageManager] Created image: 'BackgroundImageCredits' (0x4048bf0) of type: BasicImage
27/04/2016 21:35:05 (Std) 	[OgreRenderer] Created texture: BackgroundImageMenu
27/04/2016 21:35:05 (Std) 	[ImageManager] Created image: 'BackgroundImageMenu' (0x4049a70) of type: BasicImage
27/04/2016 21:35:05 (Std) 	[OgreRenderer] Created texture: BackgroundImageBar
27/04/2016 21:35:05 (Std) 	[ImageManager] Created image: 'BackgroundImageBar' (0x4049e50) of type: BasicImage
27/04/2016 21:35:05 (Std) 	[OgreRenderer] Created texture: BackgroundImageMeter
27/04/2016 21:35:05 (Std) 	[ImageManager] Created image: 'BackgroundImageMeter' (0x404acd0) of type: BasicImage
27/04/2016 21:35:05 (Std) 	[OgreRenderer] Created texture: BackgroundImageFinish
27/04/2016 21:35:05 (Std) 	[ImageManager] Created image: 'BackgroundImageFinish' (0x404bb50) of type: BasicImage
27/04/2016 21:35:05 (Std) 	[OgreRenderer] Created texture: BackgroundImageArrow
27/04/2016 21:35:05 (Std) 	[ImageManager] Created image: 'BackgroundImageArrow' (0x404bf30) of type: BasicImage
27/04/2016 21:35:05 (Std) 	[OgreRenderer] Created texture: BackgroundImagePower
27/04/2016 21:35:05 (Std) 	[ImageManager] Created image: 'BackgroundImagePower' (0x404ce10) of type: BasicImage
27/04/2016 21:35:05 (Std) 	[OgreRenderer] Created texture: BackgroundImageOptions
27/04/2016 21:35:05 (Std) 	[ImageManager] Created image: 'BackgroundImageOptions' (0x404dcf0) of type: BasicImage
27/04/2016 21:35:05 (Std) 	[OgreRenderer] Created texture: BackgroundImageControls
27/04/2016 21:35:05 (Std) 	[ImageManager] Created image: 'BackgroundImageControls' (0x404f7f0) of type: BasicImage
27/04/2016 21:35:05 (Std) 	[OgreRenderer] Created texture: DickVanDyke_auto_glyph_images_32
