16:32:24: Creating resource group General
16:32:24: Creating resource group Internal
16:32:24: Creating resource group Autodetect
16:32:24: SceneManagerFactory for type 'DefaultSceneManager' registered.
16:32:24: Registering ResourceManager for type Material
16:32:24: Registering ResourceManager for type Mesh
16:32:24: Registering ResourceManager for type Skeleton
16:32:24: MovableObjectFactory for type 'ParticleSystem' registered.
16:32:24: ArchiveFactory for archive type FileSystem registered.
16:32:24: ArchiveFactory for archive type Zip registered.
16:32:24: ArchiveFactory for archive type EmbeddedZip registered.
16:32:24: DDS codec registering
16:32:24: FreeImage version: 3.15.4
16:32:24: This program uses FreeImage, a free, open source image library supporting all common bitmap formats. See http://freeimage.sourceforge.net for details
16:32:24: Supported formats: bmp,ico,jpg,jif,jpeg,jpe,jng,koa,iff,lbm,mng,pbm,pbm,pcd,pcx,pgm,pgm,png,ppm,ppm,ras,tga,targa,tif,tiff,wap,wbmp,wbm,psd,cut,xbm,xpm,gif,hdr,g3,sgi,exr,j2k,j2c,jp2,pfm,pct,pict,pic,3fr,arw,bay,bmq,cap,cine,cr2,crw,cs1,dc2,dcr,drf,dsc,dng,erf,fff,ia,iiq,k25,kc2,kdc,mdc,mef,mos,mrw,nef,nrw,orf,pef,ptx,pxn,qtk,raf,raw,rdc,rw2,rwl,rwz,sr2,srf,srw,sti
16:32:24: Registering ResourceManager for type HighLevelGpuProgram
16:32:24: Registering ResourceManager for type Compositor
16:32:24: MovableObjectFactory for type 'Entity' registered.
16:32:24: MovableObjectFactory for type 'Light' registered.
16:32:24: MovableObjectFactory for type 'BillboardSet' registered.
16:32:24: MovableObjectFactory for type 'ManualObject' registered.
16:32:24: MovableObjectFactory for type 'BillboardChain' registered.
16:32:24: MovableObjectFactory for type 'RibbonTrail' registered.
16:32:24: Loading library /usr/lib/x86_64-linux-gnu/OGRE-1.9.0/RenderSystem_GL
16:32:24: Installing plugin: GL RenderSystem
16:32:24: OpenGL Rendering Subsystem created.
16:32:24: Plugin successfully installed
16:32:24: *-*-* OGRE Initialising
16:32:24: *-*-* Version 1.9.0 (Ghadamon)
16:32:24: Creating resource group Coleccionables
16:32:24: Added resource location 'media/Coleccionables/Hilo' of type 'FileSystem' to resource group 'Coleccionables'
16:32:24: Added resource location 'media/Coleccionables/Bobina' of type 'FileSystem' to resource group 'Coleccionables'
16:32:24: Creating resource group Doors
16:32:24: Added resource location 'media/Doors/Door Room' of type 'FileSystem' to resource group 'Doors'
16:32:24: Added resource location 'media/Doors/Door Garden' of type 'FileSystem' to resource group 'Doors'
16:32:24: Creating resource group Enemies
16:32:24: Added resource location 'media/Enemies/Level 1' of type 'FileSystem' to resource group 'Enemies'
16:32:24: Added resource location 'media/Boss' of type 'FileSystem' to resource group 'Enemies'
16:32:24: Creating resource group Fonts
16:32:24: Added resource location 'media/fonts' of type 'FileSystem' to resource group 'Fonts'
16:32:24: Added resource location 'media' of type 'FileSystem' to resource group 'General'
16:32:24: Added resource location 'media/Lvl1' of type 'FileSystem' to resource group 'General'
16:32:24: Added resource location 'media/skybox' of type 'FileSystem' to resource group 'General'
16:32:24: Added resource location 'media/wall' of type 'FileSystem' to resource group 'General'
16:32:24: Added resource location 'media/xml_schemas' of type 'FileSystem' to resource group 'General'
16:32:24: Added resource location 'media/Music' of type 'FileSystem' to resource group 'General'
16:32:24: Added resource location 'media/Scenes' of type 'FileSystem' to resource group 'General'
16:32:24: Added resource location 'media/Hero' of type 'FileSystem' to resource group 'General'
16:32:24: Creating resource group Imagesets
16:32:24: Added resource location 'media/imagesets' of type 'FileSystem' to resource group 'Imagesets'
16:32:24: Creating resource group Layouts
16:32:24: Added resource location 'media/layouts' of type 'FileSystem' to resource group 'Layouts'
16:32:24: Creating resource group LookNFeel
16:32:24: Added resource location 'media/looknfeel' of type 'FileSystem' to resource group 'LookNFeel'
16:32:24: Creating resource group Scenes
16:32:24: Added resource location 'media/Scenes/Level 1' of type 'FileSystem' to resource group 'Scenes'
16:32:24: Added resource location 'media/Scenes/Level 2' of type 'FileSystem' to resource group 'Scenes'
16:32:24: Creating resource group Schemes
16:32:24: Added resource location 'media/schemes' of type 'FileSystem' to resource group 'Schemes'
16:32:24: CPU Identifier & Features
16:32:24: -------------------------
16:32:24:  *   CPU ID: GenuineIntel: Intel(R) Core(TM) i5-4210U CPU @ 1.70GHz
16:32:24:  *      SSE: yes
16:32:24:  *     SSE2: yes
16:32:24:  *     SSE3: yes
16:32:24:  *      MMX: yes
16:32:24:  *   MMXEXT: yes
16:32:24:  *    3DNOW: no
16:32:24:  * 3DNOWEXT: no
16:32:24:  *     CMOV: yes
16:32:24:  *      TSC: yes
16:32:24:  *      FPU: yes
16:32:24:  *      PRO: yes
16:32:24:  *       HT: no
16:32:24: -------------------------
16:32:24: ******************************
*** Starting GLX Subsystem ***
******************************
16:32:24: Registering ResourceManager for type Texture
16:32:24: GLRenderSystem::_createRenderWindow "Toy Quest", 1200x800 windowed  miscParams: FSAA=0 displayFrequency=56 MHz gamma=No vsync=No 
16:32:24: GLXWindow::create used FBConfigID = 335
16:32:24: GL_VERSION = 4.4.0 NVIDIA 340.96
16:32:24: GL_VENDOR = NVIDIA Corporation
16:32:24: GL_RENDERER = GeForce 820M/PCIe/SSE2
16:32:24: GL_EXTENSIONS = GL_AMD_multi_draw_indirect GL_ARB_arrays_of_arrays GL_ARB_base_instance GL_ARB_blend_func_extended GL_ARB_buffer_storage GL_ARB_clear_buffer_object GL_ARB_clear_texture GL_ARB_color_buffer_float GL_ARB_compatibility GL_ARB_compressed_texture_pixel_storage GL_ARB_conservative_depth GL_ARB_compute_shader GL_ARB_compute_variable_group_size GL_ARB_copy_buffer GL_ARB_copy_image GL_ARB_debug_output GL_ARB_depth_buffer_float GL_ARB_depth_clamp GL_ARB_depth_texture GL_ARB_draw_buffers GL_ARB_draw_buffers_blend GL_ARB_draw_indirect GL_ARB_draw_elements_base_vertex GL_ARB_draw_instanced GL_ARB_enhanced_layouts GL_ARB_ES2_compatibility GL_ARB_ES3_compatibility GL_ARB_explicit_attrib_location GL_ARB_explicit_uniform_location GL_ARB_fragment_coord_conventions GL_ARB_fragment_layer_viewport GL_ARB_fragment_program GL_ARB_fragment_program_shadow GL_ARB_fragment_shader GL_ARB_framebuffer_no_attachments GL_ARB_framebuffer_object GL_ARB_framebuffer_sRGB GL_ARB_geometry_shader4 GL_ARB_get_program_binary GL_ARB_gpu_shader5 GL_ARB_gpu_shader_fp64 GL_ARB_half_float_pixel GL_ARB_half_float_vertex GL_ARB_imaging GL_ARB_indirect_parameters GL_ARB_instanced_arrays GL_ARB_internalformat_query GL_ARB_internalformat_query2 GL_ARB_invalidate_subdata GL_ARB_map_buffer_alignment GL_ARB_map_buffer_range GL_ARB_multi_bind GL_ARB_multi_draw_indirect GL_ARB_multisample GL_ARB_multitexture GL_ARB_occlusion_query GL_ARB_occlusion_query2 GL_ARB_pixel_buffer_object GL_ARB_point_parameters GL_ARB_point_sprite GL_ARB_program_interface_query GL_ARB_provoking_vertex GL_ARB_robust_buffer_access_behavior GL_ARB_robustness GL_ARB_sample_shading GL_ARB_sampler_objects GL_ARB_seamless_cube_map GL_ARB_separate_shader_objects GL_ARB_shader_atomic_counters GL_ARB_shader_bit_encoding GL_ARB_shader_draw_parameters GL_ARB_shader_group_vote GL_ARB_shader_image_load_store GL_ARB_shader_image_size GL_ARB_shader_objects GL_ARB_shader_precision GL_ARB_query_buffer_object GL_ARB_shader_storage_buffer_object GL_ARB_shader_subroutine GL_ARB_shader_texture_lod GL_ARB_shading_language_100 GL_ARB_shading_language_420pack GL_ARB_shading_language_include GL_ARB_shading_language_packing GL_ARB_shadow GL_ARB_sparse_texture GL_ARB_stencil_texturing GL_ARB_sync GL_ARB_tessellation_shader GL_ARB_texture_border_clamp GL_ARB_texture_buffer_object GL_ARB_texture_buffer_object_rgb32 GL_ARB_texture_buffer_range GL_ARB_texture_compression GL_ARB_texture_compression_bptc GL_ARB_texture_compression_rgtc GL_ARB_texture_cube_map GL_ARB_texture_cube_map_array GL_ARB_texture_env_add GL_ARB_texture_env_combine GL_ARB_texture_env_crossbar GL_ARB_texture_env_dot3 GL_ARB_texture_float GL_ARB_texture_gather GL_ARB_texture_mirror_clamp_to_edge GL_ARB_texture_mirrored_repeat GL_ARB_texture_multisample GL_ARB_texture_non_power_of_two GL_ARB_texture_query_levels GL_ARB_texture_query_lod GL_ARB_texture_rectangle GL_ARB_texture_rg GL_ARB_texture_rgb10_a2ui GL_ARB_texture_stencil8 GL_ARB_texture_storage GL_ARB_texture_storage_multisample GL_ARB_texture_swizzle GL_ARB_texture_view GL_ARB_timer_query GL_ARB_transform_feedback2 GL_ARB_transform_feedback3 GL_ARB_transform_feedback_instanced GL_ARB_transpose_matrix GL_ARB_uniform_buffer_object GL_ARB_vertex_array_bgra GL_ARB_vertex_array_object GL_ARB_vertex_attrib_64bit GL_ARB_vertex_attrib_binding GL_ARB_vertex_buffer_object GL_ARB_vertex_program GL_ARB_vertex_shader GL_ARB_vertex_type_10f_11f_11f_rev GL_ARB_vertex_type_2_10_10_10_rev GL_ARB_viewport_array GL_ARB_window_pos GL_ATI_draw_buffers GL_ATI_texture_float GL_ATI_texture_mirror_once GL_S3_s3tc GL_EXT_texture_env_add GL_EXT_abgr GL_EXT_bgra GL_EXT_bindable_uniform GL_EXT_blend_color GL_EXT_blend_equation_separate GL_EXT_blend_func_separate GL_EXT_blend_minmax GL_EXT_blend_subtract GL_EXT_compiled_vertex_array GL_EXT_Cg_shader GL_EXT_depth_bounds_test GL_EXT_direct_state_access GL_EXT_draw_buffers2 GL_EXT_draw_instanced GL_EXT_draw_range_elements GL_EXT_fog_coord GL_EXT_framebuffer_blit GL_EXT_framebuffer_multisample GL_EXTX_framebuffer_mixed_formats GL_EXT_framebuffer_multisample_blit_scaled GL_EXT_framebuffer_object GL_EXT_framebuffer_sRGB GL_EXT_geometry_shader4 GL_EXT_gpu_program_parameters GL_EXT_gpu_shader4 GL_EXT_multi_draw_arrays GL_EXT_packed_depth_stencil GL_EXT_packed_float GL_EXT_packed_pixels GL_EXT_pixel_buffer_object GL_EXT_point_parameters GL_EXT_provoking_vertex GL_EXT_rescale_normal GL_EXT_secondary_color GL_EXT_separate_shader_objects GL_EXT_separate_specular_color GL_EXT_shader_image_load_store GL_EXT_shader_integer_mix GL_EXT_shadow_funcs GL_EXT_stencil_two_side GL_EXT_stencil_wrap GL_EXT_texture3D GL_EXT_texture_array GL_EXT_texture_buffer_object GL_EXT_texture_compression_dxt1 GL_EXT_texture_compression_latc GL_EXT_texture_compression_rgtc GL_EXT_texture_compression_s3tc GL_EXT_texture_cube_map GL_EXT_texture_edge_clamp GL_EXT_texture_env_combine GL_EXT_texture_env_dot3 GL_EXT_texture_filter_anisotropic GL_EXT_texture_integer GL_EXT_texture_lod GL_EXT_texture_lod_bias GL_EXT_texture_mirror_clamp GL_EXT_texture_object GL_EXT_texture_shared_exponent GL_EXT_texture_sRGB GL_EXT_texture_sRGB_decode GL_EXT_texture_storage GL_EXT_texture_swizzle GL_EXT_timer_query GL_EXT_transform_feedback2 GL_EXT_vertex_array GL_EXT_vertex_array_bgra GL_EXT_vertex_attrib_64bit GL_EXT_x11_sync_object GL_EXT_import_sync_object GL_IBM_rasterpos_clip GL_IBM_texture_mirrored_repeat GL_KHR_debug GL_KTX_buffer_region GL_NV_bindless_multi_draw_indirect GL_NV_bindless_multi_draw_indirect_count GL_NV_blend_equation_advanced GL_NV_blend_square GL_NV_compute_program5 GL_NV_conditional_render GL_NV_copy_depth_to_color GL_NV_copy_image GL_NV_depth_buffer_float GL_NV_depth_clamp GL_NV_draw_texture GL_NV_ES1_1_compatibility GL_NV_ES3_1_compatibility GL_NV_explicit_multisample GL_NV_fence GL_NV_float_buffer GL_NV_fog_distance GL_NV_fragment_program GL_NV_fragment_program_option GL_NV_fragment_program2 GL_NV_framebuffer_multisample_coverage GL_NV_geometry_shader4 GL_NV_gpu_program4 GL_NV_gpu_program4_1 GL_NV_gpu_program5 GL_NV_gpu_program5_mem_extended GL_NV_gpu_program_fp64 GL_NV_gpu_shader5 GL_NV_half_float GL_NV_light_max_exponent GL_NV_multisample_coverage GL_NV_multisample_filter_hint GL_NV_occlusion_query GL_NV_packed_depth_stencil GL_NV_parameter_buffer_object GL_NV_parameter_buffer_object2 GL_NV_path_rendering GL_NV_pixel_data_range GL_NV_point_sprite GL_NV_primitive_restart GL_NV_register_combiners GL_NV_register_combiners2 GL_NV_shader_atomic_counters GL_NV_shader_atomic_float GL_NV_shader_buffer_load GL_NV_shader_storage_buffer_object GL_NV_texgen_reflection GL_NV_texture_barrier GL_NV_texture_compression_vtc GL_NV_texture_env_combine4 GL_NV_texture_expand_normal GL_NV_texture_multisample GL_NV_texture_rectangle GL_NV_texture_shader GL_NV_texture_shader2 GL_NV_texture_shader3 GL_NV_transform_feedback GL_NV_transform_feedback2 GL_NV_vdpau_interop GL_NV_vertex_array_range GL_NV_vertex_array_range2 GL_NV_vertex_attrib_integer_64bit GL_NV_vertex_buffer_unified_memory GL_NV_vertex_program GL_NV_vertex_program1_1 GL_NV_vertex_program2 GL_NV_vertex_program2_option GL_NV_vertex_program3 GL_NVX_conditional_render GL_NVX_gpu_memory_info GL_NV_shader_thread_group GL_KHR_blend_equation_advanced GL_SGIS_generate_mipmap GL_SGIS_texture_lod GL_SGIX_depth_texture GL_SGIX_shadow GL_SUN_slice_accum 
16:32:24: Supported GLX extensions: GLX_EXT_visual_info GLX_EXT_visual_rating GLX_SGIX_fbconfig GLX_SGIX_pbuffer GLX_SGI_video_sync GLX_SGI_swap_control GLX_EXT_swap_control GLX_EXT_swap_control_tear GLX_EXT_texture_from_pixmap GLX_EXT_buffer_age GLX_ARB_create_context GLX_ARB_create_context_profile GLX_EXT_create_context_es_profile GLX_EXT_create_context_es2_profile GLX_ARB_create_context_robustness GLX_NV_delay_before_swap GLX_EXT_stereo_tree GLX_ARB_multisample GLX_NV_float_buffer GLX_ARB_fbconfig_float GLX_EXT_framebuffer_sRGB GLX_NV_multisample_coverage GLX_ARB_get_proc_address 
16:32:24: ***************************
16:32:24: *** GL Renderer Started ***
16:32:24: ***************************
16:32:24: Registering ResourceManager for type GpuProgram
16:32:24: GLSL support detected
16:32:24: GL: Using GL_EXT_framebuffer_object for rendering to textures (best)
16:32:24: FBO PF_UNKNOWN depth/stencil support: D0S8 D16S0 D24S0 D32S0 Packed-D24S8 
16:32:24: FBO PF_L8 depth/stencil support: D0S0 D0S8 D16S0 D24S0 D32S0 Packed-D24S8 
16:32:24: FBO PF_A8 depth/stencil support: D0S0 D0S8 D16S0 D24S0 D32S0 Packed-D24S8 
16:32:24: FBO PF_A4L4 depth/stencil support: D0S0 D0S8 D16S0 D24S0 D32S0 Packed-D24S8 
16:32:24: FBO PF_BYTE_LA depth/stencil support: D0S0 D0S8 D16S0 D24S0 D32S0 Packed-D24S8 
16:32:25: FBO PF_R5G6B5 depth/stencil support: D0S0 D0S8 D16S0 D24S0 D32S0 Packed-D24S8 
16:32:25: FBO PF_B5G6R5 depth/stencil support: D0S0 D0S8 D16S0 D24S0 D32S0 Packed-D24S8 
16:32:25: FBO PF_A4R4G4B4 depth/stencil support: D0S0 D0S8 D16S0 D24S0 D32S0 Packed-D24S8 
16:32:25: FBO PF_A1R5G5B5 depth/stencil support: D0S0 D0S8 D16S0 D24S0 D32S0 Packed-D24S8 
16:32:25: FBO PF_R8G8B8 depth/stencil support: D0S0 D0S8 D16S0 D24S0 D32S0 Packed-D24S8 
16:32:25: FBO PF_B8G8R8 depth/stencil support: D0S0 D0S8 D16S0 D24S0 D32S0 Packed-D24S8 
16:32:25: FBO PF_A8R8G8B8 depth/stencil support: D0S0 D0S8 D16S0 D24S0 D32S0 Packed-D24S8 
16:32:25: FBO PF_B8G8R8A8 depth/stencil support: D0S0 D0S8 D16S0 D24S0 D32S0 Packed-D24S8 
16:32:25: FBO PF_A2R10G10B10 depth/stencil support: D0S0 D0S8 D16S0 D24S0 D32S0 Packed-D24S8 
16:32:25: FBO PF_A2B10G10R10 depth/stencil support: D0S0 D0S8 D16S0 D24S0 D32S0 Packed-D24S8 
16:32:25: FBO PF_FLOAT16_RGB depth/stencil support: D0S0 D0S8 D16S0 D24S0 D32S0 Packed-D24S8 
16:32:25: FBO PF_FLOAT16_RGBA depth/stencil support: D0S0 D0S8 D16S0 D24S0 D32S0 Packed-D24S8 
16:32:25: FBO PF_FLOAT32_RGB depth/stencil support: D0S0 D0S8 D16S0 D24S0 D32S0 Packed-D24S8 
16:32:25: FBO PF_FLOAT32_RGBA depth/stencil support: D0S0 D0S8 D16S0 D24S0 D32S0 Packed-D24S8 
16:32:25: FBO PF_X8R8G8B8 depth/stencil support: D0S0 D0S8 D16S0 D24S0 D32S0 Packed-D24S8 
16:32:25: FBO PF_X8B8G8R8 depth/stencil support: D0S0 D0S8 D16S0 D24S0 D32S0 Packed-D24S8 
16:32:25: FBO PF_SHORT_RGBA depth/stencil support: D0S0 D0S8 D16S0 D24S0 D32S0 Packed-D24S8 
16:32:25: FBO PF_R3G3B2 depth/stencil support: D0S0 D0S8 D16S0 D24S0 D32S0 Packed-D24S8 
16:32:25: FBO PF_FLOAT16_R depth/stencil support: D0S0 D0S8 D16S0 D24S0 D32S0 Packed-D24S8 
16:32:25: FBO PF_FLOAT32_R depth/stencil support: D0S0 D0S8 D16S0 D24S0 D32S0 Packed-D24S8 
16:32:25: FBO PF_FLOAT16_GR depth/stencil support: D0S0 D0S8 D16S0 D24S0 D32S0 Packed-D24S8 
16:32:25: FBO PF_FLOAT32_GR depth/stencil support: D0S0 D0S8 D16S0 D24S0 D32S0 Packed-D24S8 
16:32:25: FBO PF_SHORT_RGB depth/stencil support: D0S0 D0S8 D16S0 D24S0 D32S0 Packed-D24S8 
16:32:25: [GL] : Valid FBO targets PF_UNKNOWN PF_L8 PF_A8 PF_A4L4 PF_BYTE_LA PF_R5G6B5 PF_B5G6R5 PF_A4R4G4B4 PF_A1R5G5B5 PF_R8G8B8 PF_B8G8R8 PF_A8R8G8B8 PF_B8G8R8A8 PF_A2R10G10B10 PF_A2B10G10R10 PF_FLOAT16_RGB PF_FLOAT16_RGBA PF_FLOAT32_RGB PF_FLOAT32_RGBA PF_X8R8G8B8 PF_X8B8G8R8 PF_SHORT_RGBA PF_R3G3B2 PF_FLOAT16_R PF_FLOAT32_R PF_FLOAT16_GR PF_FLOAT32_GR PF_SHORT_RGB 
16:32:25: RenderSystem capabilities
16:32:25: -------------------------
16:32:25: RenderSystem Name: OpenGL Rendering Subsystem
16:32:25: GPU Vendor: nvidia
16:32:25: Device Name: GeForce 820M/PCIe/SSE2
16:32:25: Driver Version: 4.4.0.0
16:32:25:  * Fixed function pipeline: yes
16:32:25:  * Hardware generation of mipmaps: yes
16:32:25:  * Texture blending: yes
16:32:25:  * Anisotropic texture filtering: yes
16:32:25:  * Dot product texture operation: yes
16:32:25:  * Cube mapping: yes
16:32:25:  * Hardware stencil buffer: yes
16:32:25:    - Stencil depth: 8
16:32:25:    - Two sided stencil support: yes
16:32:25:    - Wrap stencil values: yes
16:32:25:  * Hardware vertex / index buffers: yes
16:32:25:  * Vertex programs: yes
16:32:25:  * Number of floating-point constants for vertex programs: 1024
16:32:25:  * Number of integer constants for vertex programs: 0
16:32:25:  * Number of boolean constants for vertex programs: 0
16:32:25:  * Fragment programs: yes
16:32:25:  * Number of floating-point constants for fragment programs: 512
16:32:25:  * Number of integer constants for fragment programs: 0
16:32:25:  * Number of boolean constants for fragment programs: 0
16:32:25:  * Geometry programs: yes
16:32:25:  * Number of floating-point constants for geometry programs: 2048
16:32:25:  * Number of integer constants for geometry programs: 0
16:32:25:  * Number of boolean constants for geometry programs: 0
16:32:25:  * Tesselation Hull programs: no
16:32:25:  * Number of floating-point constants for tesselation hull programs: 0
16:32:25:  * Number of integer constants for tesselation hull programs: 0
16:32:25:  * Number of boolean constants for tesselation hull programs: 0
16:32:25:  * Tesselation Domain programs: no
16:32:25:  * Number of floating-point constants for tesselation domain programs: 0
16:32:25:  * Number of integer constants for tesselation domain programs: 0
16:32:25:  * Number of boolean constants for tesselation domain programs: 0
16:32:25:  * Compute programs: no
16:32:25:  * Number of floating-point constants for compute programs: 0
16:32:25:  * Number of integer constants for compute programs: 0
16:32:25:  * Number of boolean constants for compute programs: 0
16:32:25:  * Supported Shader Profiles: arbfp1 arbvp1 fp20 fp30 fp40 glsl gp4fp gp4gp gp4vp gpu_fp gpu_gp gpu_vp nvgp4 vp30 vp40
16:32:25:  * Texture Compression: yes
16:32:25:    - DXT: yes
16:32:25:    - VTC: yes
16:32:25:    - PVRTC: no
16:32:25:    - ATC: no
16:32:25:    - ETC1: no
16:32:25:    - ETC2: no
16:32:25:    - BC4/BC5: no
16:32:25:    - BC6H/BC7: no
16:32:25:  * Scissor Rectangle: yes
16:32:25:  * Hardware Occlusion Query: yes
16:32:25:  * User clip planes: yes
16:32:25:  * VET_UBYTE4 vertex element type: yes
16:32:25:  * Infinite far plane projection: yes
16:32:25:  * Hardware render-to-texture: yes
16:32:25:  * Floating point textures: yes
16:32:25:  * Non-power-of-two textures: yes
16:32:25:  * 1d textures: yes
16:32:25:  * Volume textures: yes
16:32:25:  * Multiple Render Targets: 8
16:32:25:    - With different bit depths: yes
16:32:25:  * Point Sprites: yes
16:32:25:  * Extended point parameters: yes
16:32:25:  * Max Point Size: 2047
16:32:25:  * Vertex texture fetch: yes
16:32:25:  * Number of world matrices: 0
16:32:25:  * Number of texture units: 16
16:32:25:  * Stencil buffer depth: 8
16:32:25:  * Number of vertex blend matrices: 0
16:32:25:    - Max vertex textures: 32
16:32:25:    - Vertex textures shared: yes
16:32:25:  * Render to Vertex Buffer : yes
16:32:25:  * Hardware Atomic Counters: no
16:32:25:  * GL 1.5 without VBO workaround: no
16:32:25:  * Frame Buffer objects: yes
16:32:25:  * Frame Buffer objects (ARB extension): no
16:32:25:  * Frame Buffer objects (ATI extension): no
16:32:25:  * PBuffer support: yes
16:32:25:  * GL 1.5 without HW-occlusion workaround: no
16:32:25:  * Vertex Array Objects: no
16:32:25:  * Separate shader objects: no
16:32:25: DefaultWorkQueue('Root') initialising on thread 7fe32da07840.
16:32:25: DefaultWorkQueue('Root')::WorkerFunc - thread 7fe3191f5700 starting.
16:32:25: DefaultWorkQueue('Root')::WorkerFunc - thread 7fe3199f6700 starting.
16:32:25: Particle Renderer Type 'billboard' registered
16:32:25: DefaultWorkQueue('Root')::WorkerFunc - thread 7fe3189f4700 starting.
16:32:25: DefaultWorkQueue('Root')::WorkerFunc - thread 7fe303fff700 starting.
16:32:25: Parsing scripts for resource group Autodetect
16:32:25: Finished parsing scripts for resource group Autodetect
16:32:25: Creating resources for group Autodetect
16:32:25: All done
16:32:25: Parsing scripts for resource group Coleccionables
16:32:25: Parsing script matThreadObject.material
16:32:25: Parsing script matHilo.material
16:32:25: Parsing script matWood.material
16:32:25: Finished parsing scripts for resource group Coleccionables
16:32:25: Creating resources for group Coleccionables
16:32:25: All done
16:32:25: Parsing scripts for resource group Doors
16:32:25: Parsing script matDrawDoor.material
16:32:25: Parsing script matMarco.material
16:32:25: Parsing script matChincheta.material
16:32:25: Parsing script matPicaGarden.material
16:32:25: Parsing script matDoor.material
16:32:25: Parsing script matCristal.material
16:32:25: Parsing script matPicaGarden.material
16:32:25: Parsing script matMarcoGarden.material
16:32:25: Finished parsing scripts for resource group Doors
16:32:25: Creating resources for group Doors
16:32:25: All done
16:32:25: Parsing scripts for resource group Enemies
16:32:25: Parsing script matWhite.material
16:32:25: Parsing script matPatch.material
16:32:25: Parsing script matBody1.material
16:32:25: Parsing script matBodyEnemy.material
16:32:25: Parsing script matNose.material
16:32:25: Parsing script matBlack.material
16:32:25: Parsing script matPlate.material
16:32:25: Parsing script matGrayWagon.material
16:32:25: Parsing script matYellowWagon.material
16:32:25: Parsing script matWhiteWagon.material
16:32:25: Parsing script matRedWagon.material
16:32:25: Finished parsing scripts for resource group Enemies
16:32:25: Creating resources for group Enemies
16:32:25: All done
16:32:25: Parsing scripts for resource group Fonts
16:32:25: Finished parsing scripts for resource group Fonts
16:32:25: Creating resources for group Fonts
16:32:25: All done
16:32:25: Parsing scripts for resource group General
16:32:25: Parsing script Scene.material
16:32:25: Parsing script Wall.material
16:32:25: Parsing script Ground.material
16:32:25: Parsing script GroundRoom.material
16:32:25: Parsing script MatSkyboxlvl2.material
16:32:25: Parsing script MaterialSkybox.material
16:32:25: Parsing script MatSuelo.material
16:32:25: Parsing script matEyeHero.material
16:32:25: Parsing script matCapa.material
16:32:25: Parsing script matMouthHero.material
16:32:25: Parsing script matBodyHero.material
16:32:25: Parsing script matNoseHero.material
16:32:25: Parsing script matThreadHero.material
16:32:25: Finished parsing scripts for resource group General
16:32:25: Creating resources for group General
16:32:25: All done
16:32:25: Parsing scripts for resource group Imagesets
16:32:25: Finished parsing scripts for resource group Imagesets
16:32:25: Creating resources for group Imagesets
16:32:25: All done
16:32:25: Parsing scripts for resource group Internal
16:32:25: Finished parsing scripts for resource group Internal
16:32:25: Creating resources for group Internal
16:32:25: All done
16:32:25: Parsing scripts for resource group Layouts
16:32:25: Finished parsing scripts for resource group Layouts
16:32:25: Creating resources for group Layouts
16:32:25: All done
16:32:25: Parsing scripts for resource group LookNFeel
16:32:25: Finished parsing scripts for resource group LookNFeel
16:32:25: Creating resources for group LookNFeel
16:32:25: All done
16:32:25: Parsing scripts for resource group Scenes
16:32:25: Parsing script matPencil2.material
16:32:25: Parsing script matPencil1.material
16:32:25: Parsing script matdraw.material
16:32:25: Parsing script matjengaGreen.material
16:32:25: Parsing script matShoes.material
16:32:25: Parsing script matjengaYellow.material
16:32:25: Parsing script matBook1.material
16:32:25: Parsing script matjengaBlue.material
16:32:25: Parsing script matBook2.material
16:32:25: Parsing script matPencil3.material
16:32:25: Parsing script matCube3.material
16:32:25: Parsing script matjengaRed.material
16:32:25: Parsing script matjengaBrown.material
16:32:25: Parsing script matTemplate.material
16:32:25: Parsing script matTrunk2.material
16:32:25: Parsing script matGrass.material
16:32:25: Parsing script matFlower2.material
16:32:25: Parsing script matPot.material
16:32:25: Parsing script matTrunk1.material
16:32:25: Parsing script matRegadera.material
16:32:25: Parsing script matChair.material
16:32:25: Parsing script matBall.material
16:32:25: Parsing script matGrass2.material
16:32:25: Parsing script matFlower1.material
16:32:25: Parsing script matFlower3.material
16:32:25: Finished parsing scripts for resource group Scenes
16:32:25: Creating resources for group Scenes
16:32:25: All done
16:32:25: Parsing scripts for resource group Schemes
16:32:25: Finished parsing scripts for resource group Schemes
16:32:25: Creating resources for group Schemes
16:32:25: All done
16:32:25: Registering ResourceManager for type Track
16:32:25: Registering ResourceManager for type SoundFX
16:32:25: Texture: sh_fr.png: Loading 1 faces(PF_A8R8G8B8,473x476x1) with 8 hardware generated mipmaps from Image. Internal format is PF_A8R8G8B8,473x476x1.
16:32:25: Texture: sh_bk.png: Loading 1 faces(PF_A8R8G8B8,473x476x1) with 8 hardware generated mipmaps from Image. Internal format is PF_A8R8G8B8,473x476x1.
16:32:25: Texture: sh_rt.png: Loading 1 faces(PF_A8R8G8B8,473x476x1) with 8 hardware generated mipmaps from Image. Internal format is PF_A8R8G8B8,473x476x1.
16:32:25: Texture: sh_lf.png: Loading 1 faces(PF_A8R8G8B8,473x476x1) with 8 hardware generated mipmaps from Image. Internal format is PF_A8R8G8B8,473x476x1.
16:32:25: Texture: sh_up.png: Loading 1 faces(PF_A8R8G8B8,473x476x1) with 8 hardware generated mipmaps from Image. Internal format is PF_A8R8G8B8,473x476x1.
16:32:25: Texture: sh_dn.png: Loading 1 faces(PF_A8R8G8B8,473x476x1) with 8 hardware generated mipmaps from Image. Internal format is PF_A8R8G8B8,473x476x1.
16:32:29: Creating resource group OgreBulletCollisions
16:32:29: Texture: groundWood.jpg: Loading 1 faces(PF_R8G8B8,1024x1024x1) with 10 hardware generated mipmaps from Image. Internal format is PF_X8R8G8B8,1024x1024x1.
16:32:29: Mesh: Loading doorRoom.mesh.
16:32:29: Texture: drawDoor.png: Loading 1 faces(PF_A8R8G8B8,1920x1374x1) with 10 hardware generated mipmaps from Image. Internal format is PF_A8R8G8B8,1920x1374x1.
16:32:29: Texture: wood.png: Loading 1 faces(PF_A8R8G8B8,1024x1024x1) with 10 hardware generated mipmaps from Image. Internal format is PF_A8R8G8B8,1024x1024x1.
16:32:29: Mesh: Loading doorGarden.mesh.
16:32:29: Mesh: Loading tedybear.mesh.
16:32:29: Skeleton: Loading tedybear.skeleton
16:32:29: Texture: tedybear.jpg: Loading 1 faces(PF_R8G8B8,1024x1024x1) with 10 hardware generated mipmaps from Image. Internal format is PF_X8R8G8B8,1024x1024x1.
16:32:31: Mesh: Loading Bobina.mesh.
16:32:32: Texture: Wood2.jpg: Loading 1 faces(PF_R8G8B8,2304x3456x1) with 11 hardware generated mipmaps from Image. Internal format is PF_X8R8G8B8,2304x3456x1.
16:32:32: Mesh: Loading enemy.mesh.
16:32:32: Skeleton: Loading enemy.skeleton
16:32:32: Texture: chapa.jpg: Loading 1 faces(PF_R8G8B8,1024x427x1) with 10 hardware generated mipmaps from Image. Internal format is PF_X8R8G8B8,1024x427x1.
16:32:32: Texture: equis.png: Loading 1 faces(PF_A8R8G8B8,256x256x1) with 8 hardware generated mipmaps from Image. Internal format is PF_A8R8G8B8,256x256x1.
16:32:32: Texture: enemy.jpg: Loading 1 faces(PF_R8G8B8,1024x871x1) with 10 hardware generated mipmaps from Image. Internal format is PF_X8R8G8B8,1024x871x1.
16:32:32: Texture: background-image-horizontal-lines-and-stripes-seamless-tileable-white-black-22hnve.png: Loading 1 faces(PF_L8,512x512x1) with 9 hardware generated mipmaps from Image. Internal format is PF_L8,512x512x1.
16:32:32: Mesh: Loading cube.mesh.
16:32:32: Texture: Untitled.jpg: Loading 1 faces(PF_R8G8B8,512x512x1) with 9 hardware generated mipmaps from Image. Internal format is PF_X8R8G8B8,512x512x1.
16:32:32: Mesh: Loading escenario2.mesh.
16:32:32: Texture: trunk.jpg: Loading 1 faces(PF_R8G8B8,621x1024x1) with 10 hardware generated mipmaps from Image. Internal format is PF_X8R8G8B8,621x1024x1.
16:32:32: Texture: trunk2.jpg: Loading 1 faces(PF_R8G8B8,1024x677x1) with 10 hardware generated mipmaps from Image. Internal format is PF_X8R8G8B8,1024x677x1.
16:32:32: Texture: chair.jpg: Loading 1 faces(PF_R8G8B8,1024x677x1) with 10 hardware generated mipmaps from Image. Internal format is PF_X8R8G8B8,1024x677x1.
16:32:32: Texture: football.png: Loading 1 faces(PF_A8R8G8B8,1024x512x1) with 10 hardware generated mipmaps from Image. Internal format is PF_A8R8G8B8,1024x512x1.
16:32:32: Texture: grass.jpg: Loading 1 faces(PF_R8G8B8,1024x1024x1) with 10 hardware generated mipmaps from Image. Internal format is PF_X8R8G8B8,1024x1024x1.
16:32:32: Texture: lvl2_fr.png: Loading 1 faces(PF_A8R8G8B8,473x476x1) with 8 hardware generated mipmaps from Image. Internal format is PF_A8R8G8B8,473x476x1.
16:32:32: Texture: lvl2_bk.png: Loading 1 faces(PF_A8R8G8B8,473x476x1) with 8 hardware generated mipmaps from Image. Internal format is PF_A8R8G8B8,473x476x1.
16:32:32: Texture: lvl2_rt.png: Loading 1 faces(PF_A8R8G8B8,473x476x1) with 8 hardware generated mipmaps from Image. Internal format is PF_A8R8G8B8,473x476x1.
16:32:32: Texture: lvl2_lf.png: Loading 1 faces(PF_A8R8G8B8,473x476x1) with 8 hardware generated mipmaps from Image. Internal format is PF_A8R8G8B8,473x476x1.
16:32:32: Texture: lvl2_up.png: Loading 1 faces(PF_A8R8G8B8,473x476x1) with 8 hardware generated mipmaps from Image. Internal format is PF_A8R8G8B8,473x476x1.
16:32:32: Mesh: Loading thread.mesh.
16:33:18: Mesh: Loading escenario.mesh.
16:33:18: Texture: shoes.jpg: Loading 1 faces(PF_R8G8B8,1024x755x1) with 10 hardware generated mipmaps from Image. Internal format is PF_X8R8G8B8,1024x755x1.
16:33:18: Texture: baby-blocks-letters.jpg: Loading 1 faces(PF_R8G8B8,1920x1920x1) with 10 hardware generated mipmaps from Image. Internal format is PF_X8R8G8B8,1920x1920x1.
16:33:18: Texture: draw.jpg: Loading 1 faces(PF_R8G8B8,905x640x1) with 9 hardware generated mipmaps from Image. Internal format is PF_X8R8G8B8,905x640x1.
